Unity Editor version:    2022.2.21f1 (4907324dc95b)
Branch:                  2022.2/staging
Build type:              Release
Batch mode:              YES
macOS version:           Version 14.2.1 (Build 23C71)
Darwin version:          23.2.0
Architecture:            arm64
Running under Rosetta:   NO
Available memory:        16384 MB
Using pre-set license
Pro License: YES

COMMAND LINE ARGUMENTS:
/Applications/Unity/Hub/Editor/2022.2.21f1/Unity.app/Contents/MacOS/Unity
-adb2
-batchMode
-noUpm
-name
AssetImportWorker0
-projectPath
/Users/harrison/Desktop/GameDesignFinal/Group1Final/SpaceShooters
-logFile
Logs/AssetImportWorker0.log
-srvPort
59855
Successfully changed project path to: /Users/harrison/Desktop/GameDesignFinal/Group1Final/SpaceShooters
/Users/harrison/Desktop/GameDesignFinal/Group1Final/SpaceShooters
[UnityMemory] Configuration Parameters - Can be set up in boot.config
    "memorysetup-bucket-allocator-granularity=16"
    "memorysetup-bucket-allocator-bucket-count=8"
    "memorysetup-bucket-allocator-block-size=33554432"
    "memorysetup-bucket-allocator-block-count=8"
    "memorysetup-main-allocator-block-size=16777216"
    "memorysetup-thread-allocator-block-size=16777216"
    "memorysetup-gfx-main-allocator-block-size=16777216"
    "memorysetup-gfx-thread-allocator-block-size=16777216"
    "memorysetup-cache-allocator-block-size=4194304"
    "memorysetup-typetree-allocator-block-size=2097152"
    "memorysetup-profiler-bucket-allocator-granularity=16"
    "memorysetup-profiler-bucket-allocator-bucket-count=8"
    "memorysetup-profiler-bucket-allocator-block-size=33554432"
    "memorysetup-profiler-bucket-allocator-block-count=8"
    "memorysetup-profiler-allocator-block-size=16777216"
    "memorysetup-profiler-editor-allocator-block-size=1048576"
    "memorysetup-temp-allocator-size-main=16777216"
    "memorysetup-job-temp-allocator-block-size=2097152"
    "memorysetup-job-temp-allocator-block-size-background=1048576"
    "memorysetup-job-temp-allocator-reduction-small-platforms=262144"
    "memorysetup-allocator-temp-initial-block-size-main=262144"
    "memorysetup-allocator-temp-initial-block-size-worker=262144"
    "memorysetup-temp-allocator-size-background-worker=32768"
    "memorysetup-temp-allocator-size-job-worker=262144"
    "memorysetup-temp-allocator-size-preload-manager=33554432"
    "memorysetup-temp-allocator-size-nav-mesh-worker=65536"
    "memorysetup-temp-allocator-size-audio-worker=65536"
    "memorysetup-temp-allocator-size-cloud-worker=32768"
    "memorysetup-temp-allocator-size-gi-baking-worker=262144"
    "memorysetup-temp-allocator-size-gfx=262144"
Player connection [8095289344] Host "[IP] 10.243.24.33 [Port] 0 [Flags] 2 [Guid] 4290285498 [EditorId] 4290285498 [Version] 1048832 [Id] OSXEditor(0,Harrisons-MacBook-Pro-5.local) [Debug] 1 [PackageName] OSXEditor [ProjectName] Editor" joined multi-casting on [225.0.0.222:54997]...

Player connection [8095289344] Host "[IP] 10.243.24.33 [Port] 0 [Flags] 2 [Guid] 4290285498 [EditorId] 4290285498 [Version] 1048832 [Id] OSXEditor(0,Harrisons-MacBook-Pro-5.local) [Debug] 1 [PackageName] OSXEditor [ProjectName] Editor" joined alternative multi-casting on [225.0.0.222:34997]...

Refreshing native plugins compatible for Editor in 8.49 ms, found 2 plugins.
Preloading 0 native plugins for Editor in 0.00 ms.
Initialize engine version: 2022.2.21f1 (4907324dc95b)
[Subsystems] Discovering subsystems at path /Applications/Unity/Hub/Editor/2022.2.21f1/Unity.app/Contents/Resources/UnitySubsystems
[Subsystems] Discovering subsystems at path /Users/harrison/Desktop/GameDesignFinal/Group1Final/SpaceShooters/Assets
GfxDevice: creating device client; threaded=0; jobified=0
 preferred device: Apple M1 Pro (high power)
Metal devices available: 1
0: Apple M1 Pro (high power)
Using device Apple M1 Pro (high power)
Initializing Metal device caps: Apple M1 Pro
Initialize mono
Mono path[0] = '/Applications/Unity/Hub/Editor/2022.2.21f1/Unity.app/Contents/Managed'
Mono path[1] = '/Applications/Unity/Hub/Editor/2022.2.21f1/Unity.app/Contents/MonoBleedingEdge/lib/mono/unityjit-macos'
Mono config path = '/Applications/Unity/Hub/Editor/2022.2.21f1/Unity.app/Contents/MonoBleedingEdge/etc'
Using monoOptions --debugger-agent=transport=dt_socket,embedding=1,server=y,suspend=n,address=127.0.0.1:56188
Begin MonoManager ReloadAssembly
Registering precompiled unity dll's ...
Register platform support module: /Applications/Unity/Hub/Editor/2022.2.21f1/PlaybackEngines/WebGLSupport/UnityEditor.WebGL.Extensions.dll
Register platform support module: /Applications/Unity/Hub/Editor/2022.2.21f1/Unity.app/Contents/PlaybackEngines/MacStandaloneSupport/UnityEditor.OSXStandalone.Extensions.dll
Registered in 0.001809 seconds.
- Loaded All Assemblies, in  0.237 seconds
Native extension for OSXStandalone target not found
Native extension for WebGL target not found
Mono: successfully reloaded assembly
- Finished resetting the current domain, in  0.163 seconds
Domain Reload Profiling:
	ReloadAssembly (140ms)
		BeginReloadAssembly (77ms)
			ExecutionOrderSort (0ms)
			DisableScriptedObjects (0ms)
			BackupInstance (0ms)
			ReleaseScriptingObjects (0ms)
			CreateAndSetChildDomain (0ms)
		LoadAllAssembliesAndSetupDomain (0ms)
			LoadAssemblies (77ms)
			RebuildTransferFunctionScriptingTraits (0ms)
			SetupTypeCache (94ms)
				TypeCache.Initialize (93ms)
					TypeCache.ScanAssembly (92ms)
				ResolveRequiredComponents (0ms)
		FinalizeReload (0ms)
			ReleaseScriptCaches (0ms)
			RebuildScriptCaches (0ms)
			SetupLoadedEditorAssemblies (122ms)
				LogAssemblyErrors (0ms)
				InitializePlatformSupportModulesInManaged (5ms)
				SetLoadedEditorAssemblies (4ms)
				RefreshPlugins (0ms)
				BeforeProcessingInitializeOnLoad (1ms)
				ProcessInitializeOnLoadAttributes (85ms)
				ProcessInitializeOnLoadMethodAttributes (28ms)
				AfterProcessingInitializeOnLoad (0ms)
				EditorAssembliesLoaded (0ms)
			ExecutionOrderSort2 (0ms)
			AwakeInstancesAfterBackupRestoration (0ms)
========================================================================
Worker process is ready to serve import requests
Begin MonoManager ReloadAssembly
Symbol file LoadedFromMemory doesn't match image /Users/harrison/Desktop/GameDesignFinal/Group1Final/SpaceShooters/Library/PackageCache/com.unity.visualscripting@1.8.0/Editor/VisualScripting.Core/Dependencies/YamlDotNet/Unity.VisualScripting.YamlDotNet.dll
Symbol file LoadedFromMemory doesn't match image /Users/harrison/Desktop/GameDesignFinal/Group1Final/SpaceShooters/Library/PackageCache/com.unity.visualscripting@1.8.0/Editor/VisualScripting.Core/Dependencies/DotNetZip/Unity.VisualScripting.IonicZip.dll
- Loaded All Assemblies, in  0.485 seconds
Refreshing native plugins compatible for Editor in 0.71 ms, found 2 plugins.
Native extension for OSXStandalone target not found
Native extension for WebGL target not found
Mono: successfully reloaded assembly
- Finished resetting the current domain, in  0.339 seconds
Domain Reload Profiling:
	ReloadAssembly (135ms)
		BeginReloadAssembly (78ms)
			ExecutionOrderSort (0ms)
			DisableScriptedObjects (4ms)
			BackupInstance (0ms)
			ReleaseScriptingObjects (0ms)
			CreateAndSetChildDomain (21ms)
		LoadAllAssembliesAndSetupDomain (350ms)
			LoadAssemblies (159ms)
			RebuildTransferFunctionScriptingTraits (0ms)
			SetupTypeCache (219ms)
				TypeCache.Initialize (207ms)
					TypeCache.ScanAssembly (205ms)
				ResolveRequiredComponents (3ms)
		FinalizeReload (0ms)
			ReleaseScriptCaches (0ms)
			RebuildScriptCaches (0ms)
			SetupLoadedEditorAssemblies (241ms)
				LogAssemblyErrors (0ms)
				InitializePlatformSupportModulesInManaged (3ms)
				SetLoadedEditorAssemblies (2ms)
				RefreshPlugins (0ms)
				BeforeProcessingInitializeOnLoad (32ms)
				ProcessInitializeOnLoadAttributes (193ms)
				ProcessInitializeOnLoadMethodAttributes (11ms)
				AfterProcessingInitializeOnLoad (1ms)
				EditorAssembliesLoaded (0ms)
			ExecutionOrderSort2 (0ms)
			AwakeInstancesAfterBackupRestoration (2ms)
Launching external process: /Applications/Unity/Hub/Editor/2022.2.21f1/Unity.app/Contents/Tools/UnityShaderCompiler
Launched and connected shader compiler UnityShaderCompiler after 0.05 seconds
Refreshing native plugins compatible for Editor in 0.91 ms, found 2 plugins.
Preloading 0 native plugins for Editor in 0.00 ms.
Unloading 3081 Unused Serialized files (Serialized files now loaded: 0)
Unloading 31 unused Assets / (50.8 KB). Loaded Objects now: 3545.
Memory consumption went from 113.2 MB to 113.1 MB.
Total: 2.260166 ms (FindLiveObjects: 0.099458 ms CreateObjectMapping: 0.036875 ms MarkObjects: 2.036000 ms  DeleteObjects: 0.086875 ms)

AssetImportParameters requested are different than current active one (requested -> active):
  custom:container-demuxer-ogg: 62fdf1f143b41e24485cea50d1cbac27 -> 
  custom:video-decoder-ogg-theora: a1e56fd34408186e4bbccfd4996cb3dc -> 
  custom:container-demuxer-webm: 4f35f7cbe854078d1ac9338744f61a02 -> 
  custom:container-muxer-webm: aa71ff27fc2769a1b78a27578f13a17b -> 
  custom:video-decoder-webm-vp8: 9c59270c3fd7afecdb556c50c9e8de78 -> 
  custom:AudioImporter_EditorPlatform: 3918e3fc78b5a79bad01e8451be0beb8 -> 
  custom:framework-osx-AVFoundation: e770b220cccbd017edd2c1fefb359320 -> 
  custom:video-encoder-webm-vp8: eb34c28f22e8b96e1ab97ce403110664 -> 
  custom:audio-decoder-ogg-vorbis: bf7c407c2cedff20999df2af8eb42d56 -> 
  custom:audio-encoder-webm-vorbis: bf7c407c2cedff20999df2af8eb42d56 -> 
  custom:scripting/monoscript/fileName/FPSController.cs:  -> bf1d1bba457f2c5fd5904be9fbc47b2f
  custom:scripting/precompiled-assembly-types:Assembly-CSharp:  -> d0aafb7df2ec103ce7236cfa8306743a
========================================================================
Received Prepare
Begin MonoManager ReloadAssembly
Thread 0x16da5b000 may have been prematurely finalized
Symbol file LoadedFromMemory doesn't match image /Users/harrison/Desktop/GameDesignFinal/Group1Final/SpaceShooters/Library/PackageCache/com.unity.visualscripting@1.8.0/Editor/VisualScripting.Core/Dependencies/YamlDotNet/Unity.VisualScripting.YamlDotNet.dll
Symbol file LoadedFromMemory doesn't match image /Users/harrison/Desktop/GameDesignFinal/Group1Final/SpaceShooters/Library/PackageCache/com.unity.visualscripting@1.8.0/Editor/VisualScripting.Core/Dependencies/DotNetZip/Unity.VisualScripting.IonicZip.dll
- Loaded All Assemblies, in  0.427 seconds
Refreshing native plugins compatible for Editor in 0.67 ms, found 2 plugins.
Native extension for OSXStandalone target not found
Native extension for WebGL target not found
Mono: successfully reloaded assembly
- Finished resetting the current domain, in  0.375 seconds
Domain Reload Profiling:
	ReloadAssembly (127ms)
		BeginReloadAssembly (81ms)
			ExecutionOrderSort (0ms)
			DisableScriptedObjects (3ms)
			BackupInstance (0ms)
			ReleaseScriptingObjects (0ms)
			CreateAndSetChildDomain (29ms)
		LoadAllAssembliesAndSetupDomain (300ms)
			LoadAssemblies (143ms)
			RebuildTransferFunctionScriptingTraits (0ms)
			SetupTypeCache (183ms)
				TypeCache.Initialize (180ms)
					TypeCache.ScanAssembly (178ms)
				ResolveRequiredComponents (3ms)
		FinalizeReload (0ms)
			ReleaseScriptCaches (0ms)
			RebuildScriptCaches (0ms)
			SetupLoadedEditorAssemblies (216ms)
				LogAssemblyErrors (0ms)
				InitializePlatformSupportModulesInManaged (3ms)
				SetLoadedEditorAssemblies (3ms)
				RefreshPlugins (0ms)
				BeforeProcessingInitializeOnLoad (35ms)
				ProcessInitializeOnLoadAttributes (163ms)
				ProcessInitializeOnLoadMethodAttributes (10ms)
				AfterProcessingInitializeOnLoad (2ms)
				EditorAssembliesLoaded (0ms)
			ExecutionOrderSort2 (0ms)
			AwakeInstancesAfterBackupRestoration (3ms)
Refreshing native plugins compatible for Editor in 1.02 ms, found 2 plugins.
Preloading 0 native plugins for Editor in 0.00 ms.
Unloading 3074 Unused Serialized files (Serialized files now loaded: 0)
Unloading 22 unused Assets / (30.5 KB). Loaded Objects now: 3548.
Memory consumption went from 117.2 MB to 117.2 MB.
Total: 2.311792 ms (FindLiveObjects: 0.108084 ms CreateObjectMapping: 0.035125 ms MarkObjects: 2.084541 ms  DeleteObjects: 0.083667 ms)

Prepare: number of updated asset objects reloaded= 0
AssetImportParameters requested are different than current active one (requested -> active):
  custom:container-demuxer-ogg: 62fdf1f143b41e24485cea50d1cbac27 -> 
  custom:video-decoder-ogg-theora: a1e56fd34408186e4bbccfd4996cb3dc -> 
  custom:container-demuxer-webm: 4f35f7cbe854078d1ac9338744f61a02 -> 
  custom:container-muxer-webm: aa71ff27fc2769a1b78a27578f13a17b -> 
  custom:video-decoder-webm-vp8: 9c59270c3fd7afecdb556c50c9e8de78 -> 
  custom:AudioImporter_EditorPlatform: 3918e3fc78b5a79bad01e8451be0beb8 -> 
  custom:framework-osx-AVFoundation: e770b220cccbd017edd2c1fefb359320 -> 
  custom:video-encoder-webm-vp8: eb34c28f22e8b96e1ab97ce403110664 -> 
  custom:audio-decoder-ogg-vorbis: bf7c407c2cedff20999df2af8eb42d56 -> 
  custom:audio-encoder-webm-vorbis: bf7c407c2cedff20999df2af8eb42d56 -> 
========================================================================
Received Import Request.
  Time since last request: 300409.746548 seconds.
  path: Assets/FPSController.cs
  artifactKey: Guid(04cef3e69f81c4498815b5711c8b395b) Importer(815301076,1909f56bfc062723c751e8b465ee728b)
Start importing Assets/FPSController.cs using Guid(04cef3e69f81c4498815b5711c8b395b) Importer(815301076,1909f56bfc062723c751e8b465ee728b)  -> (artifact id: '00000000000000000000000000000000') in 0.001056 seconds
Import Error Code:(4)
Message: Build asset version error: assets/fpscontroller.cs in SourceAssetDB has modification time of '2024-03-07T17:11:17Z' while content on disk has modification time of '2024-03-07T17:11:22Z'
  ERROR: Build asset version error: assets/fpscontroller.cs in SourceAssetDB has modification time of '2024-03-07T17:11:17Z' while content on disk has modification time of '2024-03-07T17:11:22Z'
Number of updated asset objects reloaded before import = 0
Number of asset objects unloaded after import = 0
========================================================================
Received Import Request.
  Time since last request: 0.092729 seconds.
  path: Assets/FPSController.cs
  artifactKey: Guid(04cef3e69f81c4498815b5711c8b395b) Importer(815301076,1909f56bfc062723c751e8b465ee728b)
Start importing Assets/FPSController.cs using Guid(04cef3e69f81c4498815b5711c8b395b) Importer(815301076,1909f56bfc062723c751e8b465ee728b)  -> (artifact id: '00000000000000000000000000000000') in 0.000252 seconds
Import Error Code:(4)
Message: Build asset version error: assets/fpscontroller.cs in SourceAssetDB has modification time of '2024-03-07T17:11:17Z' while content on disk has modification time of '2024-03-07T17:11:22Z'
  ERROR: Build asset version error: assets/fpscontroller.cs in SourceAssetDB has modification time of '2024-03-07T17:11:17Z' while content on disk has modification time of '2024-03-07T17:11:22Z'
Number of updated asset objects reloaded before import = 0
Number of asset objects unloaded after import = 0
========================================================================
Received Import Request.
  Time since last request: 0.100198 seconds.
  path: Assets/FPSController.cs
  artifactKey: Guid(04cef3e69f81c4498815b5711c8b395b) Importer(815301076,1909f56bfc062723c751e8b465ee728b)
Start importing Assets/FPSController.cs using Guid(04cef3e69f81c4498815b5711c8b395b) Importer(815301076,1909f56bfc062723c751e8b465ee728b)  -> (artifact id: '00000000000000000000000000000000') in 0.000279 seconds
Import Error Code:(4)
Message: Build asset version error: assets/fpscontroller.cs in SourceAssetDB has modification time of '2024-03-07T17:11:17Z' while content on disk has modification time of '2024-03-07T17:11:22Z'
  ERROR: Build asset version error: assets/fpscontroller.cs in SourceAssetDB has modification time of '2024-03-07T17:11:17Z' while content on disk has modification time of '2024-03-07T17:11:22Z'
Number of updated asset objects reloaded before import = 0
Number of asset objects unloaded after import = 0
========================================================================
Received Import Request.
  Time since last request: 0.103644 seconds.
  path: Assets/FPSController.cs
  artifactKey: Guid(04cef3e69f81c4498815b5711c8b395b) Importer(815301076,1909f56bfc062723c751e8b465ee728b)
Start importing Assets/FPSController.cs using Guid(04cef3e69f81c4498815b5711c8b395b) Importer(815301076,1909f56bfc062723c751e8b465ee728b)  -> (artifact id: '00000000000000000000000000000000') in 0.000260 seconds
Import Error Code:(4)
Message: Build asset version error: assets/fpscontroller.cs in SourceAssetDB has modification time of '2024-03-07T17:11:17Z' while content on disk has modification time of '2024-03-07T17:11:22Z'
  ERROR: Build asset version error: assets/fpscontroller.cs in SourceAssetDB has modification time of '2024-03-07T17:11:17Z' while content on disk has modification time of '2024-03-07T17:11:22Z'
Number of updated asset objects reloaded before import = 0
Number of asset objects unloaded after import = 0
========================================================================
Received Import Request.
  Time since last request: 0.101652 seconds.
  path: Assets/FPSController.cs
  artifactKey: Guid(04cef3e69f81c4498815b5711c8b395b) Importer(815301076,1909f56bfc062723c751e8b465ee728b)
Start importing Assets/FPSController.cs using Guid(04cef3e69f81c4498815b5711c8b395b) Importer(815301076,1909f56bfc062723c751e8b465ee728b)  -> (artifact id: '00000000000000000000000000000000') in 0.000254 seconds
Import Error Code:(4)
Message: Build asset version error: assets/fpscontroller.cs in SourceAssetDB has modification time of '2024-03-07T17:11:17Z' while content on disk has modification time of '2024-03-07T17:11:22Z'
  ERROR: Build asset version error: assets/fpscontroller.cs in SourceAssetDB has modification time of '2024-03-07T17:11:17Z' while content on disk has modification time of '2024-03-07T17:11:22Z'
Number of updated asset objects reloaded before import = 0
Number of asset objects unloaded after import = 0
========================================================================
Received Import Request.
  Time since last request: 0.101398 seconds.
  path: Assets/FPSController.cs
  artifactKey: Guid(04cef3e69f81c4498815b5711c8b395b) Importer(815301076,1909f56bfc062723c751e8b465ee728b)
Start importing Assets/FPSController.cs using Guid(04cef3e69f81c4498815b5711c8b395b) Importer(815301076,1909f56bfc062723c751e8b465ee728b)  -> (artifact id: '00000000000000000000000000000000') in 0.000250 seconds
Import Error Code:(4)
Message: Build asset version error: assets/fpscontroller.cs in SourceAssetDB has modification time of '2024-03-07T17:11:17Z' while content on disk has modification time of '2024-03-07T17:11:22Z'
  ERROR: Build asset version error: assets/fpscontroller.cs in SourceAssetDB has modification time of '2024-03-07T17:11:17Z' while content on disk has modification time of '2024-03-07T17:11:22Z'
Number of updated asset objects reloaded before import = 0
Number of asset objects unloaded after import = 0
========================================================================
Received Import Request.
  Time since last request: 0.100807 seconds.
  path: Assets/FPSController.cs
  artifactKey: Guid(04cef3e69f81c4498815b5711c8b395b) Importer(815301076,1909f56bfc062723c751e8b465ee728b)
Start importing Assets/FPSController.cs using Guid(04cef3e69f81c4498815b5711c8b395b) Importer(815301076,1909f56bfc062723c751e8b465ee728b)  -> (artifact id: '00000000000000000000000000000000') in 0.000255 seconds
Import Error Code:(4)
Message: Build asset version error: assets/fpscontroller.cs in SourceAssetDB has modification time of '2024-03-07T17:11:17Z' while content on disk has modification time of '2024-03-07T17:11:22Z'
  ERROR: Build asset version error: assets/fpscontroller.cs in SourceAssetDB has modification time of '2024-03-07T17:11:17Z' while content on disk has modification time of '2024-03-07T17:11:22Z'
Number of updated asset objects reloaded before import = 0
Number of asset objects unloaded after import = 0
========================================================================
Received Import Request.
  Time since last request: 0.097811 seconds.
  path: Assets/FPSController.cs
  artifactKey: Guid(04cef3e69f81c4498815b5711c8b395b) Importer(815301076,1909f56bfc062723c751e8b465ee728b)
Start importing Assets/FPSController.cs using Guid(04cef3e69f81c4498815b5711c8b395b) Importer(815301076,1909f56bfc062723c751e8b465ee728b)  -> (artifact id: '00000000000000000000000000000000') in 0.000252 seconds
Import Error Code:(4)
Message: Build asset version error: assets/fpscontroller.cs in SourceAssetDB has modification time of '2024-03-07T17:11:17Z' while content on disk has modification time of '2024-03-07T17:11:22Z'
  ERROR: Build asset version error: assets/fpscontroller.cs in SourceAssetDB has modification time of '2024-03-07T17:11:17Z' while content on disk has modification time of '2024-03-07T17:11:22Z'
Number of updated asset objects reloaded before import = 0
Number of asset objects unloaded after import = 0
========================================================================
Received Import Request.
  Time since last request: 0.100312 seconds.
  path: Assets/FPSController.cs
  artifactKey: Guid(04cef3e69f81c4498815b5711c8b395b) Importer(815301076,1909f56bfc062723c751e8b465ee728b)
Start importing Assets/FPSController.cs using Guid(04cef3e69f81c4498815b5711c8b395b) Importer(815301076,1909f56bfc062723c751e8b465ee728b)  -> (artifact id: '00000000000000000000000000000000') in 0.000231 seconds
Import Error Code:(4)
Message: Build asset version error: assets/fpscontroller.cs in SourceAssetDB has modification time of '2024-03-07T17:11:17Z' while content on disk has modification time of '2024-03-07T17:11:22Z'
  ERROR: Build asset version error: assets/fpscontroller.cs in SourceAssetDB has modification time of '2024-03-07T17:11:17Z' while content on disk has modification time of '2024-03-07T17:11:22Z'
Number of updated asset objects reloaded before import = 0
Number of asset objects unloaded after import = 0
========================================================================
Received Import Request.
  Time since last request: 0.102387 seconds.
  path: Assets/FPSController.cs
  artifactKey: Guid(04cef3e69f81c4498815b5711c8b395b) Importer(815301076,1909f56bfc062723c751e8b465ee728b)
Start importing Assets/FPSController.cs using Guid(04cef3e69f81c4498815b5711c8b395b) Importer(815301076,1909f56bfc062723c751e8b465ee728b)  -> (artifact id: '00000000000000000000000000000000') in 0.000242 seconds
Import Error Code:(4)
Message: Build asset version error: assets/fpscontroller.cs in SourceAssetDB has modification time of '2024-03-07T17:11:17Z' while content on disk has modification time of '2024-03-07T17:11:22Z'
  ERROR: Build asset version error: assets/fpscontroller.cs in SourceAssetDB has modification time of '2024-03-07T17:11:17Z' while content on disk has modification time of '2024-03-07T17:11:22Z'
Number of updated asset objects reloaded before import = 0
Number of asset objects unloaded after import = 0
========================================================================
Received Import Request.
  Time since last request: 0.100122 seconds.
  path: Assets/FPSController.cs
  artifactKey: Guid(04cef3e69f81c4498815b5711c8b395b) Importer(815301076,1909f56bfc062723c751e8b465ee728b)
Start importing Assets/FPSController.cs using Guid(04cef3e69f81c4498815b5711c8b395b) Importer(815301076,1909f56bfc062723c751e8b465ee728b)  -> (artifact id: '00000000000000000000000000000000') in 0.000278 seconds
Import Error Code:(4)
Message: Build asset version error: assets/fpscontroller.cs in SourceAssetDB has modification time of '2024-03-07T17:11:17Z' while content on disk has modification time of '2024-03-07T17:11:22Z'
  ERROR: Build asset version error: assets/fpscontroller.cs in SourceAssetDB has modification time of '2024-03-07T17:11:17Z' while content on disk has modification time of '2024-03-07T17:11:22Z'
Number of updated asset objects reloaded before import = 0
Number of asset objects unloaded after import = 0
========================================================================
Received Import Request.
  Time since last request: 0.101996 seconds.
  path: Assets/FPSController.cs
  artifactKey: Guid(04cef3e69f81c4498815b5711c8b395b) Importer(815301076,1909f56bfc062723c751e8b465ee728b)
Start importing Assets/FPSController.cs using Guid(04cef3e69f81c4498815b5711c8b395b) Importer(815301076,1909f56bfc062723c751e8b465ee728b)  -> (artifact id: '00000000000000000000000000000000') in 0.000244 seconds
Import Error Code:(4)
Message: Build asset version error: assets/fpscontroller.cs in SourceAssetDB has modification time of '2024-03-07T17:11:17Z' while content on disk has modification time of '2024-03-07T17:11:22Z'
  ERROR: Build asset version error: assets/fpscontroller.cs in SourceAssetDB has modification time of '2024-03-07T17:11:17Z' while content on disk has modification time of '2024-03-07T17:11:22Z'
Number of updated asset objects reloaded before import = 0
Number of asset objects unloaded after import = 0
========================================================================
Received Import Request.
  Time since last request: 0.099200 seconds.
  path: Assets/FPSController.cs
  artifactKey: Guid(04cef3e69f81c4498815b5711c8b395b) Importer(815301076,1909f56bfc062723c751e8b465ee728b)
Start importing Assets/FPSController.cs using Guid(04cef3e69f81c4498815b5711c8b395b) Importer(815301076,1909f56bfc062723c751e8b465ee728b)  -> (artifact id: '00000000000000000000000000000000') in 0.000230 seconds
Import Error Code:(4)
Message: Build asset version error: assets/fpscontroller.cs in SourceAssetDB has modification time of '2024-03-07T17:11:17Z' while content on disk has modification time of '2024-03-07T17:11:22Z'
  ERROR: Build asset version error: assets/fpscontroller.cs in SourceAssetDB has modification time of '2024-03-07T17:11:17Z' while content on disk has modification time of '2024-03-07T17:11:22Z'
Number of updated asset objects reloaded before import = 0
Number of asset objects unloaded after import = 0
========================================================================
Received Import Request.
  Time since last request: 0.100787 seconds.
  path: Assets/FPSController.cs
  artifactKey: Guid(04cef3e69f81c4498815b5711c8b395b) Importer(815301076,1909f56bfc062723c751e8b465ee728b)
Start importing Assets/FPSController.cs using Guid(04cef3e69f81c4498815b5711c8b395b) Importer(815301076,1909f56bfc062723c751e8b465ee728b)  -> (artifact id: '00000000000000000000000000000000') in 0.000300 seconds
Import Error Code:(4)
Message: Build asset version error: assets/fpscontroller.cs in SourceAssetDB has modification time of '2024-03-07T17:11:17Z' while content on disk has modification time of '2024-03-07T17:11:22Z'
  ERROR: Build asset version error: assets/fpscontroller.cs in SourceAssetDB has modification time of '2024-03-07T17:11:17Z' while content on disk has modification time of '2024-03-07T17:11:22Z'
Number of updated asset objects reloaded before import = 0
Number of asset objects unloaded after import = 0
========================================================================
Received Import Request.
  Time since last request: 0.096892 seconds.
  path: Assets/FPSController.cs
  artifactKey: Guid(04cef3e69f81c4498815b5711c8b395b) Importer(815301076,1909f56bfc062723c751e8b465ee728b)
Start importing Assets/FPSController.cs using Guid(04cef3e69f81c4498815b5711c8b395b) Importer(815301076,1909f56bfc062723c751e8b465ee728b)  -> (artifact id: '00000000000000000000000000000000') in 0.000246 seconds
Import Error Code:(4)
Message: Build asset version error: assets/fpscontroller.cs in SourceAssetDB has modification time of '2024-03-07T17:11:17Z' while content on disk has modification time of '2024-03-07T17:11:22Z'
  ERROR: Build asset version error: assets/fpscontroller.cs in SourceAssetDB has modification time of '2024-03-07T17:11:17Z' while content on disk has modification time of '2024-03-07T17:11:22Z'
Number of updated asset objects reloaded before import = 0
Number of asset objects unloaded after import = 0
========================================================================
Received Import Request.
  Time since last request: 0.100911 seconds.
  path: Assets/FPSController.cs
  artifactKey: Guid(04cef3e69f81c4498815b5711c8b395b) Importer(815301076,1909f56bfc062723c751e8b465ee728b)
Start importing Assets/FPSController.cs using Guid(04cef3e69f81c4498815b5711c8b395b) Importer(815301076,1909f56bfc062723c751e8b465ee728b)  -> (artifact id: '00000000000000000000000000000000') in 0.000241 seconds
Import Error Code:(4)
Message: Build asset version error: assets/fpscontroller.cs in SourceAssetDB has modification time of '2024-03-07T17:11:17Z' while content on disk has modification time of '2024-03-07T17:11:22Z'
  ERROR: Build asset version error: assets/fpscontroller.cs in SourceAssetDB has modification time of '2024-03-07T17:11:17Z' while content on disk has modification time of '2024-03-07T17:11:22Z'
Number of updated asset objects reloaded before import = 0
Number of asset objects unloaded after import = 0
========================================================================
Received Import Request.
  Time since last request: 0.098849 seconds.
  path: Assets/FPSController.cs
  artifactKey: Guid(04cef3e69f81c4498815b5711c8b395b) Importer(815301076,1909f56bfc062723c751e8b465ee728b)
Start importing Assets/FPSController.cs using Guid(04cef3e69f81c4498815b5711c8b395b) Importer(815301076,1909f56bfc062723c751e8b465ee728b)  -> (artifact id: '00000000000000000000000000000000') in 0.000327 seconds
Import Error Code:(4)
Message: Build asset version error: assets/fpscontroller.cs in SourceAssetDB has modification time of '2024-03-07T17:11:17Z' while content on disk has modification time of '2024-03-07T17:11:22Z'
  ERROR: Build asset version error: assets/fpscontroller.cs in SourceAssetDB has modification time of '2024-03-07T17:11:17Z' while content on disk has modification time of '2024-03-07T17:11:22Z'
Number of updated asset objects reloaded before import = 0
Number of asset objects unloaded after import = 0
========================================================================
Received Import Request.
  Time since last request: 0.100044 seconds.
  path: Assets/FPSController.cs
  artifactKey: Guid(04cef3e69f81c4498815b5711c8b395b) Importer(815301076,1909f56bfc062723c751e8b465ee728b)
Start importing Assets/FPSController.cs using Guid(04cef3e69f81c4498815b5711c8b395b) Importer(815301076,1909f56bfc062723c751e8b465ee728b)  -> (artifact id: '00000000000000000000000000000000') in 0.000240 seconds
Import Error Code:(4)
Message: Build asset version error: assets/fpscontroller.cs in SourceAssetDB has modification time of '2024-03-07T17:11:17Z' while content on disk has modification time of '2024-03-07T17:11:22Z'
  ERROR: Build asset version error: assets/fpscontroller.cs in SourceAssetDB has modification time of '2024-03-07T17:11:17Z' while content on disk has modification time of '2024-03-07T17:11:22Z'
Number of updated asset objects reloaded before import = 0
Number of asset objects unloaded after import = 0
========================================================================
Received Import Request.
  Time since last request: 0.101273 seconds.
  path: Assets/FPSController.cs
  artifactKey: Guid(04cef3e69f81c4498815b5711c8b395b) Importer(815301076,1909f56bfc062723c751e8b465ee728b)
Start importing Assets/FPSController.cs using Guid(04cef3e69f81c4498815b5711c8b395b) Importer(815301076,1909f56bfc062723c751e8b465ee728b)  -> (artifact id: '00000000000000000000000000000000') in 0.000229 seconds
Import Error Code:(4)
Message: Build asset version error: assets/fpscontroller.cs in SourceAssetDB has modification time of '2024-03-07T17:11:17Z' while content on disk has modification time of '2024-03-07T17:11:22Z'
  ERROR: Build asset version error: assets/fpscontroller.cs in SourceAssetDB has modification time of '2024-03-07T17:11:17Z' while content on disk has modification time of '2024-03-07T17:11:22Z'
Number of updated asset objects reloaded before import = 0
Number of asset objects unloaded after import = 0
========================================================================
Received Import Request.
  Time since last request: 0.101612 seconds.
  path: Assets/FPSController.cs
  artifactKey: Guid(04cef3e69f81c4498815b5711c8b395b) Importer(815301076,1909f56bfc062723c751e8b465ee728b)
Start importing Assets/FPSController.cs using Guid(04cef3e69f81c4498815b5711c8b395b) Importer(815301076,1909f56bfc062723c751e8b465ee728b)  -> (artifact id: '00000000000000000000000000000000') in 0.000267 seconds
Import Error Code:(4)
Message: Build asset version error: assets/fpscontroller.cs in SourceAssetDB has modification time of '2024-03-07T17:11:17Z' while content on disk has modification time of '2024-03-07T17:11:22Z'
  ERROR: Build asset version error: assets/fpscontroller.cs in SourceAssetDB has modification time of '2024-03-07T17:11:17Z' while content on disk has modification time of '2024-03-07T17:11:22Z'
Number of updated asset objects reloaded before import = 0
Number of asset objects unloaded after import = 0
========================================================================
Received Import Request.
  Time since last request: 0.103525 seconds.
  path: Assets/FPSController.cs
  artifactKey: Guid(04cef3e69f81c4498815b5711c8b395b) Importer(815301076,1909f56bfc062723c751e8b465ee728b)
Start importing Assets/FPSController.cs using Guid(04cef3e69f81c4498815b5711c8b395b) Importer(815301076,1909f56bfc062723c751e8b465ee728b)  -> (artifact id: '00000000000000000000000000000000') in 0.000274 seconds
Import Error Code:(4)
Message: Build asset version error: assets/fpscontroller.cs in SourceAssetDB has modification time of '2024-03-07T17:11:17Z' while content on disk has modification time of '2024-03-07T17:11:22Z'
  ERROR: Build asset version error: assets/fpscontroller.cs in SourceAssetDB has modification time of '2024-03-07T17:11:17Z' while content on disk has modification time of '2024-03-07T17:11:22Z'
Number of updated asset objects reloaded before import = 0
Number of asset objects unloaded after import = 0
========================================================================
Received Import Request.
  Time since last request: 0.096065 seconds.
  path: Assets/FPSController.cs
  artifactKey: Guid(04cef3e69f81c4498815b5711c8b395b) Importer(815301076,1909f56bfc062723c751e8b465ee728b)
Start importing Assets/FPSController.cs using Guid(04cef3e69f81c4498815b5711c8b395b) Importer(815301076,1909f56bfc062723c751e8b465ee728b)  -> (artifact id: '00000000000000000000000000000000') in 0.000247 seconds
Import Error Code:(4)
Message: Build asset version error: assets/fpscontroller.cs in SourceAssetDB has modification time of '2024-03-07T17:11:17Z' while content on disk has modification time of '2024-03-07T17:11:22Z'
  ERROR: Build asset version error: assets/fpscontroller.cs in SourceAssetDB has modification time of '2024-03-07T17:11:17Z' while content on disk has modification time of '2024-03-07T17:11:22Z'
Number of updated asset objects reloaded before import = 0
Number of asset objects unloaded after import = 0
========================================================================
Received Import Request.
  Time since last request: 0.105225 seconds.
  path: Assets/FPSController.cs
  artifactKey: Guid(04cef3e69f81c4498815b5711c8b395b) Importer(815301076,1909f56bfc062723c751e8b465ee728b)
Start importing Assets/FPSController.cs using Guid(04cef3e69f81c4498815b5711c8b395b) Importer(815301076,1909f56bfc062723c751e8b465ee728b)  -> (artifact id: '00000000000000000000000000000000') in 0.000279 seconds
Import Error Code:(4)
Message: Build asset version error: assets/fpscontroller.cs in SourceAssetDB has modification time of '2024-03-07T17:11:17Z' while content on disk has modification time of '2024-03-07T17:11:22Z'
  ERROR: Build asset version error: assets/fpscontroller.cs in SourceAssetDB has modification time of '2024-03-07T17:11:17Z' while content on disk has modification time of '2024-03-07T17:11:22Z'
Number of updated asset objects reloaded before import = 0
Number of asset objects unloaded after import = 0
========================================================================
Received Import Request.
  Time since last request: 0.095952 seconds.
  path: Assets/FPSController.cs
  artifactKey: Guid(04cef3e69f81c4498815b5711c8b395b) Importer(815301076,1909f56bfc062723c751e8b465ee728b)
Start importing Assets/FPSController.cs using Guid(04cef3e69f81c4498815b5711c8b395b) Importer(815301076,1909f56bfc062723c751e8b465ee728b)  -> (artifact id: '00000000000000000000000000000000') in 0.000270 seconds
Import Error Code:(4)
Message: Build asset version error: assets/fpscontroller.cs in SourceAssetDB has modification time of '2024-03-07T17:11:17Z' while content on disk has modification time of '2024-03-07T17:11:22Z'
  ERROR: Build asset version error: assets/fpscontroller.cs in SourceAssetDB has modification time of '2024-03-07T17:11:17Z' while content on disk has modification time of '2024-03-07T17:11:22Z'
Number of updated asset objects reloaded before import = 0
Number of asset objects unloaded after import = 0
========================================================================
Received Import Request.
  Time since last request: 0.103048 seconds.
  path: Assets/FPSController.cs
  artifactKey: Guid(04cef3e69f81c4498815b5711c8b395b) Importer(815301076,1909f56bfc062723c751e8b465ee728b)
Start importing Assets/FPSController.cs using Guid(04cef3e69f81c4498815b5711c8b395b) Importer(815301076,1909f56bfc062723c751e8b465ee728b)  -> (artifact id: '00000000000000000000000000000000') in 0.000500 seconds
Import Error Code:(4)
Message: Build asset version error: assets/fpscontroller.cs in SourceAssetDB has modification time of '2024-03-07T17:11:17Z' while content on disk has modification time of '2024-03-07T17:11:22Z'
  ERROR: Build asset version error: assets/fpscontroller.cs in SourceAssetDB has modification time of '2024-03-07T17:11:17Z' while content on disk has modification time of '2024-03-07T17:11:22Z'
Number of updated asset objects reloaded before import = 0
Number of asset objects unloaded after import = 0
========================================================================
Received Import Request.
  Time since last request: 0.099055 seconds.
  path: Assets/FPSController.cs
  artifactKey: Guid(04cef3e69f81c4498815b5711c8b395b) Importer(815301076,1909f56bfc062723c751e8b465ee728b)
Start importing Assets/FPSController.cs using Guid(04cef3e69f81c4498815b5711c8b395b) Importer(815301076,1909f56bfc062723c751e8b465ee728b)  -> (artifact id: '00000000000000000000000000000000') in 0.000541 seconds
Import Error Code:(4)
Message: Build asset version error: assets/fpscontroller.cs in SourceAssetDB has modification time of '2024-03-07T17:11:17Z' while content on disk has modification time of '2024-03-07T17:11:22Z'
  ERROR: Build asset version error: assets/fpscontroller.cs in SourceAssetDB has modification time of '2024-03-07T17:11:17Z' while content on disk has modification time of '2024-03-07T17:11:22Z'
Number of updated asset objects reloaded before import = 0
Number of asset objects unloaded after import = 0
========================================================================
Received Import Request.
  Time since last request: 0.098973 seconds.
  path: Assets/FPSController.cs
  artifactKey: Guid(04cef3e69f81c4498815b5711c8b395b) Importer(815301076,1909f56bfc062723c751e8b465ee728b)
Start importing Assets/FPSController.cs using Guid(04cef3e69f81c4498815b5711c8b395b) Importer(815301076,1909f56bfc062723c751e8b465ee728b)  -> (artifact id: '00000000000000000000000000000000') in 0.000456 seconds
Import Error Code:(4)
Message: Build asset version error: assets/fpscontroller.cs in SourceAssetDB has modification time of '2024-03-07T17:11:17Z' while content on disk has modification time of '2024-03-07T17:11:22Z'
  ERROR: Build asset version error: assets/fpscontroller.cs in SourceAssetDB has modification time of '2024-03-07T17:11:17Z' while content on disk has modification time of '2024-03-07T17:11:22Z'
Number of updated asset objects reloaded before import = 0
Number of asset objects unloaded after import = 0
========================================================================
Received Import Request.
  Time since last request: 0.098247 seconds.
  path: Assets/FPSController.cs
  artifactKey: Guid(04cef3e69f81c4498815b5711c8b395b) Importer(815301076,1909f56bfc062723c751e8b465ee728b)
Start importing Assets/FPSController.cs using Guid(04cef3e69f81c4498815b5711c8b395b) Importer(815301076,1909f56bfc062723c751e8b465ee728b)  -> (artifact id: '00000000000000000000000000000000') in 0.000228 seconds
Import Error Code:(4)
Message: Build asset version error: assets/fpscontroller.cs in SourceAssetDB has modification time of '2024-03-07T17:11:17Z' while content on disk has modification time of '2024-03-07T17:11:22Z'
  ERROR: Build asset version error: assets/fpscontroller.cs in SourceAssetDB has modification time of '2024-03-07T17:11:17Z' while content on disk has modification time of '2024-03-07T17:11:22Z'
Number of updated asset objects reloaded before import = 0
Number of asset objects unloaded after import = 0
========================================================================
Received Import Request.
  Time since last request: 0.103856 seconds.
  path: Assets/FPSController.cs
  artifactKey: Guid(04cef3e69f81c4498815b5711c8b395b) Importer(815301076,1909f56bfc062723c751e8b465ee728b)
Start importing Assets/FPSController.cs using Guid(04cef3e69f81c4498815b5711c8b395b) Importer(815301076,1909f56bfc062723c751e8b465ee728b)  -> (artifact id: '00000000000000000000000000000000') in 0.000234 seconds
Import Error Code:(4)
Message: Build asset version error: assets/fpscontroller.cs in SourceAssetDB has modification time of '2024-03-07T17:11:17Z' while content on disk has modification time of '2024-03-07T17:11:22Z'
  ERROR: Build asset version error: assets/fpscontroller.cs in SourceAssetDB has modification time of '2024-03-07T17:11:17Z' while content on disk has modification time of '2024-03-07T17:11:22Z'
Number of updated asset objects reloaded before import = 0
Number of asset objects unloaded after import = 0
========================================================================
Received Import Request.
  Time since last request: 0.096895 seconds.
  path: Assets/FPSController.cs
  artifactKey: Guid(04cef3e69f81c4498815b5711c8b395b) Importer(815301076,1909f56bfc062723c751e8b465ee728b)
Start importing Assets/FPSController.cs using Guid(04cef3e69f81c4498815b5711c8b395b) Importer(815301076,1909f56bfc062723c751e8b465ee728b)  -> (artifact id: '00000000000000000000000000000000') in 0.000226 seconds
Import Error Code:(4)
Message: Build asset version error: assets/fpscontroller.cs in SourceAssetDB has modification time of '2024-03-07T17:11:17Z' while content on disk has modification time of '2024-03-07T17:11:22Z'
  ERROR: Build asset version error: assets/fpscontroller.cs in SourceAssetDB has modification time of '2024-03-07T17:11:17Z' while content on disk has modification time of '2024-03-07T17:11:22Z'
Number of updated asset objects reloaded before import = 0
Number of asset objects unloaded after import = 0
========================================================================
Received Import Request.
  Time since last request: 0.104397 seconds.
  path: Assets/FPSController.cs
  artifactKey: Guid(04cef3e69f81c4498815b5711c8b395b) Importer(815301076,1909f56bfc062723c751e8b465ee728b)
Start importing Assets/FPSController.cs using Guid(04cef3e69f81c4498815b5711c8b395b) Importer(815301076,1909f56bfc062723c751e8b465ee728b)  -> (artifact id: '00000000000000000000000000000000') in 0.000249 seconds
Import Error Code:(4)
Message: Build asset version error: assets/fpscontroller.cs in SourceAssetDB has modification time of '2024-03-07T17:11:17Z' while content on disk has modification time of '2024-03-07T17:11:22Z'
  ERROR: Build asset version error: assets/fpscontroller.cs in SourceAssetDB has modification time of '2024-03-07T17:11:17Z' while content on disk has modification time of '2024-03-07T17:11:22Z'
Number of updated asset objects reloaded before import = 0
Number of asset objects unloaded after import = 0
========================================================================
Received Import Request.
  Time since last request: 0.097568 seconds.
  path: Assets/FPSController.cs
  artifactKey: Guid(04cef3e69f81c4498815b5711c8b395b) Importer(815301076,1909f56bfc062723c751e8b465ee728b)
Start importing Assets/FPSController.cs using Guid(04cef3e69f81c4498815b5711c8b395b) Importer(815301076,1909f56bfc062723c751e8b465ee728b)  -> (artifact id: '00000000000000000000000000000000') in 0.000349 seconds
Import Error Code:(4)
Message: Build asset version error: assets/fpscontroller.cs in SourceAssetDB has modification time of '2024-03-07T17:11:17Z' while content on disk has modification time of '2024-03-07T17:11:22Z'
  ERROR: Build asset version error: assets/fpscontroller.cs in SourceAssetDB has modification time of '2024-03-07T17:11:17Z' while content on disk has modification time of '2024-03-07T17:11:22Z'
Number of updated asset objects reloaded before import = 0
Number of asset objects unloaded after import = 0
========================================================================
Received Import Request.
  Time since last request: 0.100175 seconds.
  path: Assets/FPSController.cs
  artifactKey: Guid(04cef3e69f81c4498815b5711c8b395b) Importer(815301076,1909f56bfc062723c751e8b465ee728b)
Start importing Assets/FPSController.cs using Guid(04cef3e69f81c4498815b5711c8b395b) Importer(815301076,1909f56bfc062723c751e8b465ee728b)  -> (artifact id: '00000000000000000000000000000000') in 0.000321 seconds
Import Error Code:(4)
Message: Build asset version error: assets/fpscontroller.cs in SourceAssetDB has modification time of '2024-03-07T17:11:17Z' while content on disk has modification time of '2024-03-07T17:11:22Z'
  ERROR: Build asset version error: assets/fpscontroller.cs in SourceAssetDB has modification time of '2024-03-07T17:11:17Z' while content on disk has modification time of '2024-03-07T17:11:22Z'
Number of updated asset objects reloaded before import = 0
Number of asset objects unloaded after import = 0
========================================================================
Received Import Request.
  Time since last request: 0.102212 seconds.
  path: Assets/FPSController.cs
  artifactKey: Guid(04cef3e69f81c4498815b5711c8b395b) Importer(815301076,1909f56bfc062723c751e8b465ee728b)
Start importing Assets/FPSController.cs using Guid(04cef3e69f81c4498815b5711c8b395b) Importer(815301076,1909f56bfc062723c751e8b465ee728b)  -> (artifact id: '00000000000000000000000000000000') in 0.000482 seconds
Import Error Code:(4)
Message: Build asset version error: assets/fpscontroller.cs in SourceAssetDB has modification time of '2024-03-07T17:11:17Z' while content on disk has modification time of '2024-03-07T17:11:22Z'
  ERROR: Build asset version error: assets/fpscontroller.cs in SourceAssetDB has modification time of '2024-03-07T17:11:17Z' while content on disk has modification time of '2024-03-07T17:11:22Z'
Number of updated asset objects reloaded before import = 0
Number of asset objects unloaded after import = 0
========================================================================
Received Import Request.
  Time since last request: 0.102136 seconds.
  path: Assets/FPSController.cs
  artifactKey: Guid(04cef3e69f81c4498815b5711c8b395b) Importer(815301076,1909f56bfc062723c751e8b465ee728b)
Start importing Assets/FPSController.cs using Guid(04cef3e69f81c4498815b5711c8b395b) Importer(815301076,1909f56bfc062723c751e8b465ee728b)  -> (artifact id: '00000000000000000000000000000000') in 0.000523 seconds
Import Error Code:(4)
Message: Build asset version error: assets/fpscontroller.cs in SourceAssetDB has modification time of '2024-03-07T17:11:17Z' while content on disk has modification time of '2024-03-07T17:11:22Z'
  ERROR: Build asset version error: assets/fpscontroller.cs in SourceAssetDB has modification time of '2024-03-07T17:11:17Z' while content on disk has modification time of '2024-03-07T17:11:22Z'
Number of updated asset objects reloaded before import = 0
Number of asset objects unloaded after import = 0
========================================================================
Received Import Request.
  Time since last request: 0.103581 seconds.
  path: Assets/FPSController.cs
  artifactKey: Guid(04cef3e69f81c4498815b5711c8b395b) Importer(815301076,1909f56bfc062723c751e8b465ee728b)
Start importing Assets/FPSController.cs using Guid(04cef3e69f81c4498815b5711c8b395b) Importer(815301076,1909f56bfc062723c751e8b465ee728b)  -> (artifact id: '00000000000000000000000000000000') in 0.000403 seconds
Import Error Code:(4)
Message: Build asset version error: assets/fpscontroller.cs in SourceAssetDB has modification time of '2024-03-07T17:11:17Z' while content on disk has modification time of '2024-03-07T17:11:22Z'
  ERROR: Build asset version error: assets/fpscontroller.cs in SourceAssetDB has modification time of '2024-03-07T17:11:17Z' while content on disk has modification time of '2024-03-07T17:11:22Z'
Number of updated asset objects reloaded before import = 0
Number of asset objects unloaded after import = 0
========================================================================
Received Import Request.
  Time since last request: 0.100304 seconds.
  path: Assets/FPSController.cs
  artifactKey: Guid(04cef3e69f81c4498815b5711c8b395b) Importer(815301076,1909f56bfc062723c751e8b465ee728b)
Start importing Assets/FPSController.cs using Guid(04cef3e69f81c4498815b5711c8b395b) Importer(815301076,1909f56bfc062723c751e8b465ee728b)  -> (artifact id: '00000000000000000000000000000000') in 0.000550 seconds
Import Error Code:(4)
Message: Build asset version error: assets/fpscontroller.cs in SourceAssetDB has modification time of '2024-03-07T17:11:17Z' while content on disk has modification time of '2024-03-07T17:11:22Z'
  ERROR: Build asset version error: assets/fpscontroller.cs in SourceAssetDB has modification time of '2024-03-07T17:11:17Z' while content on disk has modification time of '2024-03-07T17:11:22Z'
Number of updated asset objects reloaded before import = 0
Number of asset objects unloaded after import = 0
========================================================================
Received Import Request.
  Time since last request: 0.101935 seconds.
  path: Assets/FPSController.cs
  artifactKey: Guid(04cef3e69f81c4498815b5711c8b395b) Importer(815301076,1909f56bfc062723c751e8b465ee728b)
Start importing Assets/FPSController.cs using Guid(04cef3e69f81c4498815b5711c8b395b) Importer(815301076,1909f56bfc062723c751e8b465ee728b)  -> (artifact id: '00000000000000000000000000000000') in 0.000422 seconds
Import Error Code:(4)
Message: Build asset version error: assets/fpscontroller.cs in SourceAssetDB has modification time of '2024-03-07T17:11:17Z' while content on disk has modification time of '2024-03-07T17:11:22Z'
  ERROR: Build asset version error: assets/fpscontroller.cs in SourceAssetDB has modification time of '2024-03-07T17:11:17Z' while content on disk has modification time of '2024-03-07T17:11:22Z'
Number of updated asset objects reloaded before import = 0
Number of asset objects unloaded after import = 0
========================================================================
Received Import Request.
  Time since last request: 0.097730 seconds.
  path: Assets/FPSController.cs
  artifactKey: Guid(04cef3e69f81c4498815b5711c8b395b) Importer(815301076,1909f56bfc062723c751e8b465ee728b)
Start importing Assets/FPSController.cs using Guid(04cef3e69f81c4498815b5711c8b395b) Importer(815301076,1909f56bfc062723c751e8b465ee728b)  -> (artifact id: '00000000000000000000000000000000') in 0.000358 seconds
Import Error Code:(4)
Message: Build asset version error: assets/fpscontroller.cs in SourceAssetDB has modification time of '2024-03-07T17:11:17Z' while content on disk has modification time of '2024-03-07T17:11:22Z'
  ERROR: Build asset version error: assets/fpscontroller.cs in SourceAssetDB has modification time of '2024-03-07T17:11:17Z' while content on disk has modification time of '2024-03-07T17:11:22Z'
Number of updated asset objects reloaded before import = 0
Number of asset objects unloaded after import = 0
========================================================================
Received Import Request.
  Time since last request: 0.104744 seconds.
  path: Assets/FPSController.cs
  artifactKey: Guid(04cef3e69f81c4498815b5711c8b395b) Importer(815301076,1909f56bfc062723c751e8b465ee728b)
Start importing Assets/FPSController.cs using Guid(04cef3e69f81c4498815b5711c8b395b) Importer(815301076,1909f56bfc062723c751e8b465ee728b)  -> (artifact id: '00000000000000000000000000000000') in 0.000517 seconds
Import Error Code:(4)
Message: Build asset version error: assets/fpscontroller.cs in SourceAssetDB has modification time of '2024-03-07T17:11:17Z' while content on disk has modification time of '2024-03-07T17:11:22Z'
  ERROR: Build asset version error: assets/fpscontroller.cs in SourceAssetDB has modification time of '2024-03-07T17:11:17Z' while content on disk has modification time of '2024-03-07T17:11:22Z'
Number of updated asset objects reloaded before import = 0
Number of asset objects unloaded after import = 0
========================================================================
Received Import Request.
  Time since last request: 0.099324 seconds.
  path: Assets/FPSController.cs
  artifactKey: Guid(04cef3e69f81c4498815b5711c8b395b) Importer(815301076,1909f56bfc062723c751e8b465ee728b)
Start importing Assets/FPSController.cs using Guid(04cef3e69f81c4498815b5711c8b395b) Importer(815301076,1909f56bfc062723c751e8b465ee728b)  -> (artifact id: '00000000000000000000000000000000') in 0.000371 seconds
Import Error Code:(4)
Message: Build asset version error: assets/fpscontroller.cs in SourceAssetDB has modification time of '2024-03-07T17:11:17Z' while content on disk has modification time of '2024-03-07T17:11:22Z'
  ERROR: Build asset version error: assets/fpscontroller.cs in SourceAssetDB has modification time of '2024-03-07T17:11:17Z' while content on disk has modification time of '2024-03-07T17:11:22Z'
Number of updated asset objects reloaded before import = 0
Number of asset objects unloaded after import = 0
========================================================================
Received Import Request.
  Time since last request: 0.109898 seconds.
  path: Assets/FPSController.cs
  artifactKey: Guid(04cef3e69f81c4498815b5711c8b395b) Importer(815301076,1909f56bfc062723c751e8b465ee728b)
Start importing Assets/FPSController.cs using Guid(04cef3e69f81c4498815b5711c8b395b) Importer(815301076,1909f56bfc062723c751e8b465ee728b)  -> (artifact id: '00000000000000000000000000000000') in 0.000603 seconds
Import Error Code:(4)
Message: Build asset version error: assets/fpscontroller.cs in SourceAssetDB has modification time of '2024-03-07T17:11:17Z' while content on disk has modification time of '2024-03-07T17:11:22Z'
  ERROR: Build asset version error: assets/fpscontroller.cs in SourceAssetDB has modification time of '2024-03-07T17:11:17Z' while content on disk has modification time of '2024-03-07T17:11:22Z'
Number of updated asset objects reloaded before import = 0
Number of asset objects unloaded after import = 0
========================================================================
Received Import Request.
  Time since last request: 0.689854 seconds.
  path: Assets/FPSController.cs
  artifactKey: Guid(04cef3e69f81c4498815b5711c8b395b) Importer(815301076,1909f56bfc062723c751e8b465ee728b)
Start importing Assets/FPSController.cs using Guid(04cef3e69f81c4498815b5711c8b395b) Importer(815301076,1909f56bfc062723c751e8b465ee728b)  -> (artifact id: '1ce08666fd3f1d9bc9d1bf4916e1c821') in 0.000232 seconds
Number of updated asset objects reloaded before import = 0
Number of asset objects unloaded after import = 0
========================================================================
Received Prepare
Begin MonoManager ReloadAssembly
Thread 0x16de87000 may have been prematurely finalized
Symbol file LoadedFromMemory doesn't match image /Users/harrison/Desktop/GameDesignFinal/Group1Final/SpaceShooters/Library/PackageCache/com.unity.visualscripting@1.8.0/Editor/VisualScripting.Core/Dependencies/YamlDotNet/Unity.VisualScripting.YamlDotNet.dll
Symbol file LoadedFromMemory doesn't match image /Users/harrison/Desktop/GameDesignFinal/Group1Final/SpaceShooters/Library/PackageCache/com.unity.visualscripting@1.8.0/Editor/VisualScripting.Core/Dependencies/DotNetZip/Unity.VisualScripting.IonicZip.dll
- Loaded All Assemblies, in  0.406 seconds
Refreshing native plugins compatible for Editor in 0.72 ms, found 2 plugins.
Native extension for OSXStandalone target not found
Native extension for WebGL target not found
Mono: successfully reloaded assembly
- Finished resetting the current domain, in  0.357 seconds
Domain Reload Profiling:
	ReloadAssembly (125ms)
		BeginReloadAssembly (82ms)
			ExecutionOrderSort (0ms)
			DisableScriptedObjects (3ms)
			BackupInstance (0ms)
			ReleaseScriptingObjects (0ms)
			CreateAndSetChildDomain (28ms)
		LoadAllAssembliesAndSetupDomain (281ms)
			LoadAssemblies (127ms)
			RebuildTransferFunctionScriptingTraits (0ms)
			SetupTypeCache (182ms)
				TypeCache.Initialize (178ms)
					TypeCache.ScanAssembly (175ms)
				ResolveRequiredComponents (3ms)
		FinalizeReload (0ms)
			ReleaseScriptCaches (0ms)
			RebuildScriptCaches (0ms)
			SetupLoadedEditorAssemblies (197ms)
				LogAssemblyErrors (0ms)
				InitializePlatformSupportModulesInManaged (3ms)
				SetLoadedEditorAssemblies (2ms)
				RefreshPlugins (0ms)
				BeforeProcessingInitializeOnLoad (29ms)
				ProcessInitializeOnLoadAttributes (154ms)
				ProcessInitializeOnLoadMethodAttributes (9ms)
				AfterProcessingInitializeOnLoad (1ms)
				EditorAssembliesLoaded (0ms)
			ExecutionOrderSort2 (0ms)
			AwakeInstancesAfterBackupRestoration (3ms)
Refreshing native plugins compatible for Editor in 1.12 ms, found 2 plugins.
Preloading 0 native plugins for Editor in 0.00 ms.
Unloading 3073 Unused Serialized files (Serialized files now loaded: 0)
Unloading 22 unused Assets / (30.5 KB). Loaded Objects now: 3551.
Memory consumption went from 122.2 MB to 122.2 MB.
Total: 2.087958 ms (FindLiveObjects: 0.106625 ms CreateObjectMapping: 0.037292 ms MarkObjects: 1.910875 ms  DeleteObjects: 0.032791 ms)

Prepare: number of updated asset objects reloaded= 0
AssetImportParameters requested are different than current active one (requested -> active):
  custom:container-demuxer-ogg: 62fdf1f143b41e24485cea50d1cbac27 -> 
  custom:video-decoder-ogg-theora: a1e56fd34408186e4bbccfd4996cb3dc -> 
  custom:container-demuxer-webm: 4f35f7cbe854078d1ac9338744f61a02 -> 
  custom:container-muxer-webm: aa71ff27fc2769a1b78a27578f13a17b -> 
  custom:video-decoder-webm-vp8: 9c59270c3fd7afecdb556c50c9e8de78 -> 
  custom:AudioImporter_EditorPlatform: 3918e3fc78b5a79bad01e8451be0beb8 -> 
  custom:framework-osx-AVFoundation: e770b220cccbd017edd2c1fefb359320 -> 
  custom:video-encoder-webm-vp8: eb34c28f22e8b96e1ab97ce403110664 -> 
  custom:audio-decoder-ogg-vorbis: bf7c407c2cedff20999df2af8eb42d56 -> 
  custom:audio-encoder-webm-vorbis: bf7c407c2cedff20999df2af8eb42d56 -> 
========================================================================
Received Import Request.
  Time since last request: 36.534156 seconds.
  path: Assets/FPSController.cs
  artifactKey: Guid(04cef3e69f81c4498815b5711c8b395b) Importer(815301076,1909f56bfc062723c751e8b465ee728b)
Start importing Assets/FPSController.cs using Guid(04cef3e69f81c4498815b5711c8b395b) Importer(815301076,1909f56bfc062723c751e8b465ee728b)  -> (artifact id: 'a7f19689ead6351d30680990c850ee4e') in 0.000932 seconds
Number of updated asset objects reloaded before import = 0
Number of asset objects unloaded after import = 0
========================================================================
Received Prepare
Begin MonoManager ReloadAssembly
Thread 0x16b5ff000 may have been prematurely finalized
Symbol file LoadedFromMemory doesn't match image /Users/harrison/Desktop/GameDesignFinal/Group1Final/SpaceShooters/Library/PackageCache/com.unity.visualscripting@1.8.0/Editor/VisualScripting.Core/Dependencies/YamlDotNet/Unity.VisualScripting.YamlDotNet.dll
Symbol file LoadedFromMemory doesn't match image /Users/harrison/Desktop/GameDesignFinal/Group1Final/SpaceShooters/Library/PackageCache/com.unity.visualscripting@1.8.0/Editor/VisualScripting.Core/Dependencies/DotNetZip/Unity.VisualScripting.IonicZip.dll
- Loaded All Assemblies, in  0.404 seconds
Refreshing native plugins compatible for Editor in 1.02 ms, found 2 plugins.
Native extension for OSXStandalone target not found
Native extension for WebGL target not found
Mono: successfully reloaded assembly
- Finished resetting the current domain, in  0.352 seconds
Domain Reload Profiling:
	ReloadAssembly (123ms)
		BeginReloadAssembly (79ms)
			ExecutionOrderSort (0ms)
			DisableScriptedObjects (3ms)
			BackupInstance (0ms)
			ReleaseScriptingObjects (0ms)
			CreateAndSetChildDomain (28ms)
		LoadAllAssembliesAndSetupDomain (281ms)
			LoadAssemblies (128ms)
			RebuildTransferFunctionScriptingTraits (0ms)
			SetupTypeCache (179ms)
				TypeCache.Initialize (177ms)
					TypeCache.ScanAssembly (174ms)
				ResolveRequiredComponents (2ms)
		FinalizeReload (0ms)
			ReleaseScriptCaches (0ms)
			RebuildScriptCaches (0ms)
			SetupLoadedEditorAssemblies (205ms)
				LogAssemblyErrors (0ms)
				InitializePlatformSupportModulesInManaged (3ms)
				SetLoadedEditorAssemblies (2ms)
				RefreshPlugins (0ms)
				BeforeProcessingInitializeOnLoad (30ms)
				ProcessInitializeOnLoadAttributes (160ms)
				ProcessInitializeOnLoadMethodAttributes (9ms)
				AfterProcessingInitializeOnLoad (1ms)
				EditorAssembliesLoaded (0ms)
			ExecutionOrderSort2 (0ms)
			AwakeInstancesAfterBackupRestoration (3ms)
Refreshing native plugins compatible for Editor in 0.82 ms, found 2 plugins.
Preloading 0 native plugins for Editor in 0.00 ms.
Unloading 3073 Unused Serialized files (Serialized files now loaded: 0)
Unloading 22 unused Assets / (30.5 KB). Loaded Objects now: 3554.
Memory consumption went from 127.4 MB to 127.4 MB.
Total: 2.277541 ms (FindLiveObjects: 0.108000 ms CreateObjectMapping: 0.035959 ms MarkObjects: 2.093041 ms  DeleteObjects: 0.040083 ms)

Prepare: number of updated asset objects reloaded= 0
AssetImportParameters requested are different than current active one (requested -> active):
  custom:container-demuxer-ogg: 62fdf1f143b41e24485cea50d1cbac27 -> 
  custom:video-decoder-ogg-theora: a1e56fd34408186e4bbccfd4996cb3dc -> 
  custom:container-demuxer-webm: 4f35f7cbe854078d1ac9338744f61a02 -> 
  custom:container-muxer-webm: aa71ff27fc2769a1b78a27578f13a17b -> 
  custom:video-decoder-webm-vp8: 9c59270c3fd7afecdb556c50c9e8de78 -> 
  custom:AudioImporter_EditorPlatform: 3918e3fc78b5a79bad01e8451be0beb8 -> 
  custom:framework-osx-AVFoundation: e770b220cccbd017edd2c1fefb359320 -> 
  custom:video-encoder-webm-vp8: eb34c28f22e8b96e1ab97ce403110664 -> 
  custom:audio-decoder-ogg-vorbis: bf7c407c2cedff20999df2af8eb42d56 -> 
  custom:audio-encoder-webm-vorbis: bf7c407c2cedff20999df2af8eb42d56 -> 
========================================================================
Received Prepare
Begin MonoManager ReloadAssembly
Thread 0x16b5ff000 may have been prematurely finalized
Symbol file LoadedFromMemory doesn't match image /Users/harrison/Desktop/GameDesignFinal/Group1Final/SpaceShooters/Library/PackageCache/com.unity.visualscripting@1.8.0/Editor/VisualScripting.Core/Dependencies/YamlDotNet/Unity.VisualScripting.YamlDotNet.dll
Symbol file LoadedFromMemory doesn't match image /Users/harrison/Desktop/GameDesignFinal/Group1Final/SpaceShooters/Library/PackageCache/com.unity.visualscripting@1.8.0/Editor/VisualScripting.Core/Dependencies/DotNetZip/Unity.VisualScripting.IonicZip.dll
- Loaded All Assemblies, in  0.400 seconds
Refreshing native plugins compatible for Editor in 0.86 ms, found 2 plugins.
Native extension for OSXStandalone target not found
Native extension for WebGL target not found
Mono: successfully reloaded assembly
- Finished resetting the current domain, in  0.358 seconds
Domain Reload Profiling:
	ReloadAssembly (123ms)
		BeginReloadAssembly (80ms)
			ExecutionOrderSort (0ms)
			DisableScriptedObjects (3ms)
			BackupInstance (0ms)
			ReleaseScriptingObjects (0ms)
			CreateAndSetChildDomain (29ms)
		LoadAllAssembliesAndSetupDomain (277ms)
			LoadAssemblies (125ms)
			RebuildTransferFunctionScriptingTraits (0ms)
			SetupTypeCache (179ms)
				TypeCache.Initialize (176ms)
					TypeCache.ScanAssembly (173ms)
				ResolveRequiredComponents (2ms)
		FinalizeReload (0ms)
			ReleaseScriptCaches (0ms)
			RebuildScriptCaches (0ms)
			SetupLoadedEditorAssemblies (203ms)
				LogAssemblyErrors (0ms)
				InitializePlatformSupportModulesInManaged (3ms)
				SetLoadedEditorAssemblies (2ms)
				RefreshPlugins (0ms)
				BeforeProcessingInitializeOnLoad (31ms)
				ProcessInitializeOnLoadAttributes (157ms)
				ProcessInitializeOnLoadMethodAttributes (10ms)
				AfterProcessingInitializeOnLoad (1ms)
				EditorAssembliesLoaded (0ms)
			ExecutionOrderSort2 (0ms)
			AwakeInstancesAfterBackupRestoration (3ms)
Refreshing native plugins compatible for Editor in 1.13 ms, found 2 plugins.
Preloading 0 native plugins for Editor in 0.00 ms.
Unloading 3074 Unused Serialized files (Serialized files now loaded: 0)
Unloading 22 unused Assets / (30.5 KB). Loaded Objects now: 3557.
Memory consumption went from 132.8 MB to 132.8 MB.
Total: 2.371667 ms (FindLiveObjects: 0.124500 ms CreateObjectMapping: 0.036417 ms MarkObjects: 2.174666 ms  DeleteObjects: 0.035625 ms)

Prepare: number of updated asset objects reloaded= 0
AssetImportParameters requested are different than current active one (requested -> active):
  custom:container-demuxer-ogg: 62fdf1f143b41e24485cea50d1cbac27 -> 
  custom:video-decoder-ogg-theora: a1e56fd34408186e4bbccfd4996cb3dc -> 
  custom:container-demuxer-webm: 4f35f7cbe854078d1ac9338744f61a02 -> 
  custom:container-muxer-webm: aa71ff27fc2769a1b78a27578f13a17b -> 
  custom:video-decoder-webm-vp8: 9c59270c3fd7afecdb556c50c9e8de78 -> 
  custom:AudioImporter_EditorPlatform: 3918e3fc78b5a79bad01e8451be0beb8 -> 
  custom:framework-osx-AVFoundation: e770b220cccbd017edd2c1fefb359320 -> 
  custom:video-encoder-webm-vp8: eb34c28f22e8b96e1ab97ce403110664 -> 
  custom:audio-decoder-ogg-vorbis: bf7c407c2cedff20999df2af8eb42d56 -> 
  custom:audio-encoder-webm-vorbis: bf7c407c2cedff20999df2af8eb42d56 -> 
========================================================================
Received Prepare
Begin MonoManager ReloadAssembly
Thread 0x16b5ff000 may have been prematurely finalized
Symbol file LoadedFromMemory doesn't match image /Users/harrison/Desktop/GameDesignFinal/Group1Final/SpaceShooters/Library/PackageCache/com.unity.visualscripting@1.8.0/Editor/VisualScripting.Core/Dependencies/YamlDotNet/Unity.VisualScripting.YamlDotNet.dll
Symbol file LoadedFromMemory doesn't match image /Users/harrison/Desktop/GameDesignFinal/Group1Final/SpaceShooters/Library/PackageCache/com.unity.visualscripting@1.8.0/Editor/VisualScripting.Core/Dependencies/DotNetZip/Unity.VisualScripting.IonicZip.dll
- Loaded All Assemblies, in  0.411 seconds
Refreshing native plugins compatible for Editor in 1.20 ms, found 2 plugins.
Native extension for OSXStandalone target not found
Native extension for WebGL target not found
Mono: successfully reloaded assembly
- Finished resetting the current domain, in  0.557 seconds
Domain Reload Profiling:
	ReloadAssembly (123ms)
		BeginReloadAssembly (80ms)
			ExecutionOrderSort (0ms)
			DisableScriptedObjects (3ms)
			BackupInstance (0ms)
			ReleaseScriptingObjects (0ms)
			CreateAndSetChildDomain (29ms)
		LoadAllAssembliesAndSetupDomain (288ms)
			LoadAssemblies (132ms)
			RebuildTransferFunctionScriptingTraits (0ms)
			SetupTypeCache (182ms)
				TypeCache.Initialize (178ms)
					TypeCache.ScanAssembly (176ms)
				ResolveRequiredComponents (2ms)
		FinalizeReload (0ms)
			ReleaseScriptCaches (0ms)
			RebuildScriptCaches (0ms)
			SetupLoadedEditorAssemblies (194ms)
				LogAssemblyErrors (0ms)
				InitializePlatformSupportModulesInManaged (2ms)
				SetLoadedEditorAssemblies (2ms)
				RefreshPlugins (0ms)
				BeforeProcessingInitializeOnLoad (28ms)
				ProcessInitializeOnLoadAttributes (151ms)
				ProcessInitializeOnLoadMethodAttributes (10ms)
				AfterProcessingInitializeOnLoad (1ms)
				EditorAssembliesLoaded (0ms)
			ExecutionOrderSort2 (0ms)
			AwakeInstancesAfterBackupRestoration (2ms)
Refreshing native plugins compatible for Editor in 1.18 ms, found 2 plugins.
Preloading 0 native plugins for Editor in 0.00 ms.
Unloading 3074 Unused Serialized files (Serialized files now loaded: 0)
Unloading 22 unused Assets / (30.5 KB). Loaded Objects now: 3560.
Memory consumption went from 137.9 MB to 137.9 MB.
Total: 2.011166 ms (FindLiveObjects: 0.108459 ms CreateObjectMapping: 0.036625 ms MarkObjects: 1.834625 ms  DeleteObjects: 0.031083 ms)

Prepare: number of updated asset objects reloaded= 0
AssetImportParameters requested are different than current active one (requested -> active):
  custom:container-demuxer-ogg: 62fdf1f143b41e24485cea50d1cbac27 -> 
  custom:video-decoder-ogg-theora: a1e56fd34408186e4bbccfd4996cb3dc -> 
  custom:container-demuxer-webm: 4f35f7cbe854078d1ac9338744f61a02 -> 
  custom:container-muxer-webm: aa71ff27fc2769a1b78a27578f13a17b -> 
  custom:video-decoder-webm-vp8: 9c59270c3fd7afecdb556c50c9e8de78 -> 
  custom:AudioImporter_EditorPlatform: 3918e3fc78b5a79bad01e8451be0beb8 -> 
  custom:framework-osx-AVFoundation: e770b220cccbd017edd2c1fefb359320 -> 
  custom:video-encoder-webm-vp8: eb34c28f22e8b96e1ab97ce403110664 -> 
  custom:audio-decoder-ogg-vorbis: bf7c407c2cedff20999df2af8eb42d56 -> 
  custom:audio-encoder-webm-vorbis: bf7c407c2cedff20999df2af8eb42d56 -> 
========================================================================
Received Prepare
Begin MonoManager ReloadAssembly
Thread 0x16b5ff000 may have been prematurely finalized
Symbol file LoadedFromMemory doesn't match image /Users/harrison/Desktop/GameDesignFinal/Group1Final/SpaceShooters/Library/PackageCache/com.unity.visualscripting@1.8.0/Editor/VisualScripting.Core/Dependencies/YamlDotNet/Unity.VisualScripting.YamlDotNet.dll
Symbol file LoadedFromMemory doesn't match image /Users/harrison/Desktop/GameDesignFinal/Group1Final/SpaceShooters/Library/PackageCache/com.unity.visualscripting@1.8.0/Editor/VisualScripting.Core/Dependencies/DotNetZip/Unity.VisualScripting.IonicZip.dll
- Loaded All Assemblies, in  0.393 seconds
Refreshing native plugins compatible for Editor in 0.69 ms, found 2 plugins.
Native extension for OSXStandalone target not found
Native extension for WebGL target not found
Mono: successfully reloaded assembly
- Finished resetting the current domain, in  0.329 seconds
Domain Reload Profiling:
	ReloadAssembly (120ms)
		BeginReloadAssembly (80ms)
			ExecutionOrderSort (0ms)
			DisableScriptedObjects (3ms)
			BackupInstance (0ms)
			ReleaseScriptingObjects (0ms)
			CreateAndSetChildDomain (29ms)
		LoadAllAssembliesAndSetupDomain (273ms)
			LoadAssemblies (124ms)
			RebuildTransferFunctionScriptingTraits (0ms)
			SetupTypeCache (174ms)
				TypeCache.Initialize (171ms)
					TypeCache.ScanAssembly (168ms)
				ResolveRequiredComponents (3ms)
		FinalizeReload (0ms)
			ReleaseScriptCaches (0ms)
			RebuildScriptCaches (0ms)
			SetupLoadedEditorAssemblies (191ms)
				LogAssemblyErrors (0ms)
				InitializePlatformSupportModulesInManaged (2ms)
				SetLoadedEditorAssemblies (2ms)
				RefreshPlugins (0ms)
				BeforeProcessingInitializeOnLoad (28ms)
				ProcessInitializeOnLoadAttributes (149ms)
				ProcessInitializeOnLoadMethodAttributes (9ms)
				AfterProcessingInitializeOnLoad (1ms)
				EditorAssembliesLoaded (0ms)
			ExecutionOrderSort2 (0ms)
			AwakeInstancesAfterBackupRestoration (2ms)
Refreshing native plugins compatible for Editor in 0.72 ms, found 2 plugins.
Preloading 0 native plugins for Editor in 0.00 ms.
Unloading 3074 Unused Serialized files (Serialized files now loaded: 0)
Unloading 22 unused Assets / (30.5 KB). Loaded Objects now: 3563.
Memory consumption went from 143.0 MB to 143.0 MB.
Total: 2.016917 ms (FindLiveObjects: 0.104250 ms CreateObjectMapping: 0.034000 ms MarkObjects: 1.837084 ms  DeleteObjects: 0.041000 ms)

Prepare: number of updated asset objects reloaded= 0
AssetImportParameters requested are different than current active one (requested -> active):
  custom:container-demuxer-ogg: 62fdf1f143b41e24485cea50d1cbac27 -> 
  custom:video-decoder-ogg-theora: a1e56fd34408186e4bbccfd4996cb3dc -> 
  custom:container-demuxer-webm: 4f35f7cbe854078d1ac9338744f61a02 -> 
  custom:container-muxer-webm: aa71ff27fc2769a1b78a27578f13a17b -> 
  custom:video-decoder-webm-vp8: 9c59270c3fd7afecdb556c50c9e8de78 -> 
  custom:AudioImporter_EditorPlatform: 3918e3fc78b5a79bad01e8451be0beb8 -> 
  custom:framework-osx-AVFoundation: e770b220cccbd017edd2c1fefb359320 -> 
  custom:video-encoder-webm-vp8: eb34c28f22e8b96e1ab97ce403110664 -> 
  custom:audio-decoder-ogg-vorbis: bf7c407c2cedff20999df2af8eb42d56 -> 
  custom:audio-encoder-webm-vorbis: bf7c407c2cedff20999df2af8eb42d56 -> 
========================================================================
Received Import Request.
  Time since last request: 110.851998 seconds.
  path: Assets/FPSController.cs
  artifactKey: Guid(04cef3e69f81c4498815b5711c8b395b) Importer(815301076,1909f56bfc062723c751e8b465ee728b)
Start importing Assets/FPSController.cs using Guid(04cef3e69f81c4498815b5711c8b395b) Importer(815301076,1909f56bfc062723c751e8b465ee728b)  -> (artifact id: '99be1e70eaa2589ae6d4372d69850d6f') in 0.000948 seconds
Number of updated asset objects reloaded before import = 0
Number of asset objects unloaded after import = 0
========================================================================
Received Prepare
Begin MonoManager ReloadAssembly
Thread 0x16b5ff000 may have been prematurely finalized
Symbol file LoadedFromMemory doesn't match image /Users/harrison/Desktop/GameDesignFinal/Group1Final/SpaceShooters/Library/PackageCache/com.unity.visualscripting@1.8.0/Editor/VisualScripting.Core/Dependencies/YamlDotNet/Unity.VisualScripting.YamlDotNet.dll
Symbol file LoadedFromMemory doesn't match image /Users/harrison/Desktop/GameDesignFinal/Group1Final/SpaceShooters/Library/PackageCache/com.unity.visualscripting@1.8.0/Editor/VisualScripting.Core/Dependencies/DotNetZip/Unity.VisualScripting.IonicZip.dll
- Loaded All Assemblies, in  0.403 seconds
Refreshing native plugins compatible for Editor in 0.73 ms, found 2 plugins.
Native extension for OSXStandalone target not found
Native extension for WebGL target not found
Mono: successfully reloaded assembly
- Finished resetting the current domain, in  0.337 seconds
Domain Reload Profiling:
	ReloadAssembly (122ms)
		BeginReloadAssembly (79ms)
			ExecutionOrderSort (0ms)
			DisableScriptedObjects (3ms)
			BackupInstance (0ms)
			ReleaseScriptingObjects (0ms)
			CreateAndSetChildDomain (29ms)
		LoadAllAssembliesAndSetupDomain (281ms)
			LoadAssemblies (127ms)
			RebuildTransferFunctionScriptingTraits (0ms)
			SetupTypeCache (180ms)
				TypeCache.Initialize (176ms)
					TypeCache.ScanAssembly (173ms)
				ResolveRequiredComponents (2ms)
		FinalizeReload (0ms)
			ReleaseScriptCaches (0ms)
			RebuildScriptCaches (0ms)
			SetupLoadedEditorAssemblies (190ms)
				LogAssemblyErrors (0ms)
				InitializePlatformSupportModulesInManaged (2ms)
				SetLoadedEditorAssemblies (2ms)
				RefreshPlugins (0ms)
				BeforeProcessingInitializeOnLoad (28ms)
				ProcessInitializeOnLoadAttributes (148ms)
				ProcessInitializeOnLoadMethodAttributes (10ms)
				AfterProcessingInitializeOnLoad (1ms)
				EditorAssembliesLoaded (0ms)
			ExecutionOrderSort2 (0ms)
			AwakeInstancesAfterBackupRestoration (2ms)
Refreshing native plugins compatible for Editor in 1.02 ms, found 2 plugins.
Preloading 0 native plugins for Editor in 0.00 ms.
Unloading 3073 Unused Serialized files (Serialized files now loaded: 0)
Unloading 22 unused Assets / (30.5 KB). Loaded Objects now: 3566.
Memory consumption went from 148.0 MB to 148.0 MB.
Total: 1.948542 ms (FindLiveObjects: 0.115333 ms CreateObjectMapping: 0.036625 ms MarkObjects: 1.763917 ms  DeleteObjects: 0.032166 ms)

Prepare: number of updated asset objects reloaded= 0
AssetImportParameters requested are different than current active one (requested -> active):
  custom:container-demuxer-ogg: 62fdf1f143b41e24485cea50d1cbac27 -> 
  custom:video-decoder-ogg-theora: a1e56fd34408186e4bbccfd4996cb3dc -> 
  custom:container-demuxer-webm: 4f35f7cbe854078d1ac9338744f61a02 -> 
  custom:container-muxer-webm: aa71ff27fc2769a1b78a27578f13a17b -> 
  custom:video-decoder-webm-vp8: 9c59270c3fd7afecdb556c50c9e8de78 -> 
  custom:AudioImporter_EditorPlatform: 3918e3fc78b5a79bad01e8451be0beb8 -> 
  custom:framework-osx-AVFoundation: e770b220cccbd017edd2c1fefb359320 -> 
  custom:video-encoder-webm-vp8: eb34c28f22e8b96e1ab97ce403110664 -> 
  custom:audio-decoder-ogg-vorbis: bf7c407c2cedff20999df2af8eb42d56 -> 
  custom:audio-encoder-webm-vorbis: bf7c407c2cedff20999df2af8eb42d56 -> 
========================================================================
Received Prepare
Begin MonoManager ReloadAssembly
Thread 0x16b5ff000 may have been prematurely finalized
Symbol file LoadedFromMemory doesn't match image /Users/harrison/Desktop/GameDesignFinal/Group1Final/SpaceShooters/Library/PackageCache/com.unity.visualscripting@1.8.0/Editor/VisualScripting.Core/Dependencies/YamlDotNet/Unity.VisualScripting.YamlDotNet.dll
Symbol file LoadedFromMemory doesn't match image /Users/harrison/Desktop/GameDesignFinal/Group1Final/SpaceShooters/Library/PackageCache/com.unity.visualscripting@1.8.0/Editor/VisualScripting.Core/Dependencies/DotNetZip/Unity.VisualScripting.IonicZip.dll
- Loaded All Assemblies, in  0.388 seconds
Refreshing native plugins compatible for Editor in 0.72 ms, found 2 plugins.
Native extension for OSXStandalone target not found
Native extension for WebGL target not found
Mono: successfully reloaded assembly
- Finished resetting the current domain, in  0.330 seconds
Domain Reload Profiling:
	ReloadAssembly (116ms)
		BeginReloadAssembly (75ms)
			ExecutionOrderSort (0ms)
			DisableScriptedObjects (3ms)
			BackupInstance (0ms)
			ReleaseScriptingObjects (0ms)
			CreateAndSetChildDomain (28ms)
		LoadAllAssembliesAndSetupDomain (272ms)
			LoadAssemblies (115ms)
			RebuildTransferFunctionScriptingTraits (0ms)
			SetupTypeCache (180ms)
				TypeCache.Initialize (178ms)
					TypeCache.ScanAssembly (175ms)
				ResolveRequiredComponents (2ms)
		FinalizeReload (0ms)
			ReleaseScriptCaches (0ms)
			RebuildScriptCaches (0ms)
			SetupLoadedEditorAssemblies (194ms)
				LogAssemblyErrors (0ms)
				InitializePlatformSupportModulesInManaged (3ms)
				SetLoadedEditorAssemblies (2ms)
				RefreshPlugins (0ms)
				BeforeProcessingInitializeOnLoad (29ms)
				ProcessInitializeOnLoadAttributes (150ms)
				ProcessInitializeOnLoadMethodAttributes (9ms)
				AfterProcessingInitializeOnLoad (1ms)
				EditorAssembliesLoaded (0ms)
			ExecutionOrderSort2 (0ms)
			AwakeInstancesAfterBackupRestoration (2ms)
Refreshing native plugins compatible for Editor in 0.82 ms, found 2 plugins.
Preloading 0 native plugins for Editor in 0.00 ms.
Unloading 3074 Unused Serialized files (Serialized files now loaded: 0)
Unloading 22 unused Assets / (30.5 KB). Loaded Objects now: 3569.
Memory consumption went from 153.3 MB to 153.3 MB.
Total: 2.015458 ms (FindLiveObjects: 0.103291 ms CreateObjectMapping: 0.033625 ms MarkObjects: 1.844667 ms  DeleteObjects: 0.033416 ms)

Prepare: number of updated asset objects reloaded= 0
AssetImportParameters requested are different than current active one (requested -> active):
  custom:container-demuxer-ogg: 62fdf1f143b41e24485cea50d1cbac27 -> 
  custom:video-decoder-ogg-theora: a1e56fd34408186e4bbccfd4996cb3dc -> 
  custom:container-demuxer-webm: 4f35f7cbe854078d1ac9338744f61a02 -> 
  custom:container-muxer-webm: aa71ff27fc2769a1b78a27578f13a17b -> 
  custom:video-decoder-webm-vp8: 9c59270c3fd7afecdb556c50c9e8de78 -> 
  custom:AudioImporter_EditorPlatform: 3918e3fc78b5a79bad01e8451be0beb8 -> 
  custom:framework-osx-AVFoundation: e770b220cccbd017edd2c1fefb359320 -> 
  custom:video-encoder-webm-vp8: eb34c28f22e8b96e1ab97ce403110664 -> 
  custom:audio-decoder-ogg-vorbis: bf7c407c2cedff20999df2af8eb42d56 -> 
  custom:audio-encoder-webm-vorbis: bf7c407c2cedff20999df2af8eb42d56 -> 
========================================================================
Received Import Request.
  Time since last request: 23.970006 seconds.
  path: Assets/FPSController.cs
  artifactKey: Guid(04cef3e69f81c4498815b5711c8b395b) Importer(815301076,1909f56bfc062723c751e8b465ee728b)
Start importing Assets/FPSController.cs using Guid(04cef3e69f81c4498815b5711c8b395b) Importer(815301076,1909f56bfc062723c751e8b465ee728b)  -> (artifact id: '17bc5ac1bb97712d7808810a8d3de3f3') in 0.000909 seconds
Number of updated asset objects reloaded before import = 0
Number of asset objects unloaded after import = 0
========================================================================
Received Prepare
Begin MonoManager ReloadAssembly
Thread 0x16b5ff000 may have been prematurely finalized
Symbol file LoadedFromMemory doesn't match image /Users/harrison/Desktop/GameDesignFinal/Group1Final/SpaceShooters/Library/PackageCache/com.unity.visualscripting@1.8.0/Editor/VisualScripting.Core/Dependencies/YamlDotNet/Unity.VisualScripting.YamlDotNet.dll
Symbol file LoadedFromMemory doesn't match image /Users/harrison/Desktop/GameDesignFinal/Group1Final/SpaceShooters/Library/PackageCache/com.unity.visualscripting@1.8.0/Editor/VisualScripting.Core/Dependencies/DotNetZip/Unity.VisualScripting.IonicZip.dll
- Loaded All Assemblies, in  0.385 seconds
Refreshing native plugins compatible for Editor in 0.71 ms, found 2 plugins.
Native extension for OSXStandalone target not found
Native extension for WebGL target not found
Mono: successfully reloaded assembly
- Finished resetting the current domain, in  0.327 seconds
Domain Reload Profiling:
	ReloadAssembly (120ms)
		BeginReloadAssembly (80ms)
			ExecutionOrderSort (0ms)
			DisableScriptedObjects (3ms)
			BackupInstance (0ms)
			ReleaseScriptingObjects (0ms)
			CreateAndSetChildDomain (32ms)
		LoadAllAssembliesAndSetupDomain (264ms)
			LoadAssemblies (115ms)
			RebuildTransferFunctionScriptingTraits (0ms)
			SetupTypeCache (172ms)
				TypeCache.Initialize (170ms)
					TypeCache.ScanAssembly (167ms)
				ResolveRequiredComponents (2ms)
		FinalizeReload (0ms)
			ReleaseScriptCaches (0ms)
			RebuildScriptCaches (0ms)
			SetupLoadedEditorAssemblies (190ms)
				LogAssemblyErrors (0ms)
				InitializePlatformSupportModulesInManaged (2ms)
				SetLoadedEditorAssemblies (2ms)
				RefreshPlugins (0ms)
				BeforeProcessingInitializeOnLoad (27ms)
				ProcessInitializeOnLoadAttributes (149ms)
				ProcessInitializeOnLoadMethodAttributes (9ms)
				AfterProcessingInitializeOnLoad (1ms)
				EditorAssembliesLoaded (0ms)
			ExecutionOrderSort2 (0ms)
			AwakeInstancesAfterBackupRestoration (2ms)
Refreshing native plugins compatible for Editor in 0.71 ms, found 2 plugins.
Preloading 0 native plugins for Editor in 0.00 ms.
Unloading 3073 Unused Serialized files (Serialized files now loaded: 0)
Unloading 22 unused Assets / (30.6 KB). Loaded Objects now: 3572.
Memory consumption went from 158.3 MB to 158.3 MB.
Total: 2.354167 ms (FindLiveObjects: 0.123667 ms CreateObjectMapping: 0.036541 ms MarkObjects: 2.151125 ms  DeleteObjects: 0.042375 ms)

Prepare: number of updated asset objects reloaded= 0
AssetImportParameters requested are different than current active one (requested -> active):
  custom:container-demuxer-ogg: 62fdf1f143b41e24485cea50d1cbac27 -> 
  custom:video-decoder-ogg-theora: a1e56fd34408186e4bbccfd4996cb3dc -> 
  custom:container-demuxer-webm: 4f35f7cbe854078d1ac9338744f61a02 -> 
  custom:container-muxer-webm: aa71ff27fc2769a1b78a27578f13a17b -> 
  custom:video-decoder-webm-vp8: 9c59270c3fd7afecdb556c50c9e8de78 -> 
  custom:AudioImporter_EditorPlatform: 3918e3fc78b5a79bad01e8451be0beb8 -> 
  custom:framework-osx-AVFoundation: e770b220cccbd017edd2c1fefb359320 -> 
  custom:video-encoder-webm-vp8: eb34c28f22e8b96e1ab97ce403110664 -> 
  custom:audio-decoder-ogg-vorbis: bf7c407c2cedff20999df2af8eb42d56 -> 
  custom:audio-encoder-webm-vorbis: bf7c407c2cedff20999df2af8eb42d56 -> 
========================================================================
Received Prepare
Begin MonoManager ReloadAssembly
Thread 0x16b5ff000 may have been prematurely finalized
Symbol file LoadedFromMemory doesn't match image /Users/harrison/Desktop/GameDesignFinal/Group1Final/SpaceShooters/Library/PackageCache/com.unity.visualscripting@1.8.0/Editor/VisualScripting.Core/Dependencies/YamlDotNet/Unity.VisualScripting.YamlDotNet.dll
Symbol file LoadedFromMemory doesn't match image /Users/harrison/Desktop/GameDesignFinal/Group1Final/SpaceShooters/Library/PackageCache/com.unity.visualscripting@1.8.0/Editor/VisualScripting.Core/Dependencies/DotNetZip/Unity.VisualScripting.IonicZip.dll
- Loaded All Assemblies, in  0.406 seconds
Refreshing native plugins compatible for Editor in 0.74 ms, found 2 plugins.
Native extension for OSXStandalone target not found
Native extension for WebGL target not found
Mono: successfully reloaded assembly
- Finished resetting the current domain, in  0.540 seconds
Domain Reload Profiling:
	ReloadAssembly (119ms)
		BeginReloadAssembly (79ms)
			ExecutionOrderSort (0ms)
			DisableScriptedObjects (3ms)
			BackupInstance (0ms)
			ReleaseScriptingObjects (0ms)
			CreateAndSetChildDomain (29ms)
		LoadAllAssembliesAndSetupDomain (286ms)
			LoadAssemblies (137ms)
			RebuildTransferFunctionScriptingTraits (0ms)
			SetupTypeCache (175ms)
				TypeCache.Initialize (171ms)
					TypeCache.ScanAssembly (169ms)
				ResolveRequiredComponents (2ms)
		FinalizeReload (0ms)
			ReleaseScriptCaches (0ms)
			RebuildScriptCaches (0ms)
			SetupLoadedEditorAssemblies (179ms)
				LogAssemblyErrors (0ms)
				InitializePlatformSupportModulesInManaged (2ms)
				SetLoadedEditorAssemblies (2ms)
				RefreshPlugins (0ms)
				BeforeProcessingInitializeOnLoad (27ms)
				ProcessInitializeOnLoadAttributes (139ms)
				ProcessInitializeOnLoadMethodAttributes (8ms)
				AfterProcessingInitializeOnLoad (1ms)
				EditorAssembliesLoaded (0ms)
			ExecutionOrderSort2 (0ms)
			AwakeInstancesAfterBackupRestoration (2ms)
Refreshing native plugins compatible for Editor in 0.70 ms, found 2 plugins.
Preloading 0 native plugins for Editor in 0.00 ms.
Unloading 3074 Unused Serialized files (Serialized files now loaded: 0)
Unloading 22 unused Assets / (30.5 KB). Loaded Objects now: 3575.
Memory consumption went from 163.7 MB to 163.6 MB.
Total: 1.915125 ms (FindLiveObjects: 0.094583 ms CreateObjectMapping: 0.034458 ms MarkObjects: 1.754416 ms  DeleteObjects: 0.031041 ms)

Prepare: number of updated asset objects reloaded= 0
AssetImportParameters requested are different than current active one (requested -> active):
  custom:container-demuxer-ogg: 62fdf1f143b41e24485cea50d1cbac27 -> 
  custom:video-decoder-ogg-theora: a1e56fd34408186e4bbccfd4996cb3dc -> 
  custom:container-demuxer-webm: 4f35f7cbe854078d1ac9338744f61a02 -> 
  custom:container-muxer-webm: aa71ff27fc2769a1b78a27578f13a17b -> 
  custom:video-decoder-webm-vp8: 9c59270c3fd7afecdb556c50c9e8de78 -> 
  custom:AudioImporter_EditorPlatform: 3918e3fc78b5a79bad01e8451be0beb8 -> 
  custom:framework-osx-AVFoundation: e770b220cccbd017edd2c1fefb359320 -> 
  custom:video-encoder-webm-vp8: eb34c28f22e8b96e1ab97ce403110664 -> 
  custom:audio-decoder-ogg-vorbis: bf7c407c2cedff20999df2af8eb42d56 -> 
  custom:audio-encoder-webm-vorbis: bf7c407c2cedff20999df2af8eb42d56 -> 
========================================================================
Received Prepare
Begin MonoManager ReloadAssembly
Thread 0x16b5ff000 may have been prematurely finalized
Symbol file LoadedFromMemory doesn't match image /Users/harrison/Desktop/GameDesignFinal/Group1Final/SpaceShooters/Library/PackageCache/com.unity.visualscripting@1.8.0/Editor/VisualScripting.Core/Dependencies/YamlDotNet/Unity.VisualScripting.YamlDotNet.dll
Symbol file LoadedFromMemory doesn't match image /Users/harrison/Desktop/GameDesignFinal/Group1Final/SpaceShooters/Library/PackageCache/com.unity.visualscripting@1.8.0/Editor/VisualScripting.Core/Dependencies/DotNetZip/Unity.VisualScripting.IonicZip.dll
- Loaded All Assemblies, in  0.388 seconds
Refreshing native plugins compatible for Editor in 0.81 ms, found 2 plugins.
Native extension for OSXStandalone target not found
Native extension for WebGL target not found
Mono: successfully reloaded assembly
- Finished resetting the current domain, in  0.330 seconds
Domain Reload Profiling:
	ReloadAssembly (120ms)
		BeginReloadAssembly (79ms)
			ExecutionOrderSort (0ms)
			DisableScriptedObjects (3ms)
			BackupInstance (0ms)
			ReleaseScriptingObjects (0ms)
			CreateAndSetChildDomain (31ms)
		LoadAllAssembliesAndSetupDomain (268ms)
			LoadAssemblies (118ms)
			RebuildTransferFunctionScriptingTraits (0ms)
			SetupTypeCache (174ms)
				TypeCache.Initialize (172ms)
					TypeCache.ScanAssembly (169ms)
				ResolveRequiredComponents (3ms)
		FinalizeReload (0ms)
			ReleaseScriptCaches (0ms)
			RebuildScriptCaches (0ms)
			SetupLoadedEditorAssemblies (193ms)
				LogAssemblyErrors (0ms)
				InitializePlatformSupportModulesInManaged (3ms)
				SetLoadedEditorAssemblies (2ms)
				RefreshPlugins (0ms)
				BeforeProcessingInitializeOnLoad (28ms)
				ProcessInitializeOnLoadAttributes (150ms)
				ProcessInitializeOnLoadMethodAttributes (9ms)
				AfterProcessingInitializeOnLoad (1ms)
				EditorAssembliesLoaded (0ms)
			ExecutionOrderSort2 (0ms)
			AwakeInstancesAfterBackupRestoration (2ms)
Refreshing native plugins compatible for Editor in 0.80 ms, found 2 plugins.
Preloading 0 native plugins for Editor in 0.00 ms.
Unloading 3074 Unused Serialized files (Serialized files now loaded: 0)
Unloading 22 unused Assets / (30.5 KB). Loaded Objects now: 3578.
Memory consumption went from 168.8 MB to 168.8 MB.
Total: 2.134292 ms (FindLiveObjects: 0.109041 ms CreateObjectMapping: 0.036208 ms MarkObjects: 1.955292 ms  DeleteObjects: 0.033000 ms)

Prepare: number of updated asset objects reloaded= 0
AssetImportParameters requested are different than current active one (requested -> active):
  custom:container-demuxer-ogg: 62fdf1f143b41e24485cea50d1cbac27 -> 
  custom:video-decoder-ogg-theora: a1e56fd34408186e4bbccfd4996cb3dc -> 
  custom:container-demuxer-webm: 4f35f7cbe854078d1ac9338744f61a02 -> 
  custom:container-muxer-webm: aa71ff27fc2769a1b78a27578f13a17b -> 
  custom:video-decoder-webm-vp8: 9c59270c3fd7afecdb556c50c9e8de78 -> 
  custom:AudioImporter_EditorPlatform: 3918e3fc78b5a79bad01e8451be0beb8 -> 
  custom:framework-osx-AVFoundation: e770b220cccbd017edd2c1fefb359320 -> 
  custom:video-encoder-webm-vp8: eb34c28f22e8b96e1ab97ce403110664 -> 
  custom:audio-decoder-ogg-vorbis: bf7c407c2cedff20999df2af8eb42d56 -> 
  custom:audio-encoder-webm-vorbis: bf7c407c2cedff20999df2af8eb42d56 -> 
========================================================================
Received Import Request.
  Time since last request: 53.330978 seconds.
  path: Assets/FPSController.cs
  artifactKey: Guid(04cef3e69f81c4498815b5711c8b395b) Importer(815301076,1909f56bfc062723c751e8b465ee728b)
Start importing Assets/FPSController.cs using Guid(04cef3e69f81c4498815b5711c8b395b) Importer(815301076,1909f56bfc062723c751e8b465ee728b)  -> (artifact id: '676a05b586996c81deb3ae4620544820') in 0.000979 seconds
Number of updated asset objects reloaded before import = 0
Number of asset objects unloaded after import = 0
========================================================================
Received Prepare
Begin MonoManager ReloadAssembly
Thread 0x16b5ff000 may have been prematurely finalized
Symbol file LoadedFromMemory doesn't match image /Users/harrison/Desktop/GameDesignFinal/Group1Final/SpaceShooters/Library/PackageCache/com.unity.visualscripting@1.8.0/Editor/VisualScripting.Core/Dependencies/YamlDotNet/Unity.VisualScripting.YamlDotNet.dll
Symbol file LoadedFromMemory doesn't match image /Users/harrison/Desktop/GameDesignFinal/Group1Final/SpaceShooters/Library/PackageCache/com.unity.visualscripting@1.8.0/Editor/VisualScripting.Core/Dependencies/DotNetZip/Unity.VisualScripting.IonicZip.dll
- Loaded All Assemblies, in  0.378 seconds
Refreshing native plugins compatible for Editor in 0.69 ms, found 2 plugins.
Native extension for OSXStandalone target not found
Native extension for WebGL target not found
Mono: successfully reloaded assembly
- Finished resetting the current domain, in  0.581 seconds
Domain Reload Profiling:
	ReloadAssembly (118ms)
		BeginReloadAssembly (78ms)
			ExecutionOrderSort (0ms)
			DisableScriptedObjects (3ms)
			BackupInstance (0ms)
			ReleaseScriptingObjects (0ms)
			CreateAndSetChildDomain (30ms)
		LoadAllAssembliesAndSetupDomain (260ms)
			LoadAssemblies (112ms)
			RebuildTransferFunctionScriptingTraits (0ms)
			SetupTypeCache (171ms)
				TypeCache.Initialize (169ms)
					TypeCache.ScanAssembly (166ms)
				ResolveRequiredComponents (3ms)
		FinalizeReload (0ms)
			ReleaseScriptCaches (0ms)
			RebuildScriptCaches (0ms)
			SetupLoadedEditorAssemblies (196ms)
				LogAssemblyErrors (0ms)
				InitializePlatformSupportModulesInManaged (3ms)
				SetLoadedEditorAssemblies (2ms)
				RefreshPlugins (0ms)
				BeforeProcessingInitializeOnLoad (31ms)
				ProcessInitializeOnLoadAttributes (151ms)
				ProcessInitializeOnLoadMethodAttributes (9ms)
				AfterProcessingInitializeOnLoad (1ms)
				EditorAssembliesLoaded (0ms)
			ExecutionOrderSort2 (0ms)
			AwakeInstancesAfterBackupRestoration (2ms)
Refreshing native plugins compatible for Editor in 1.00 ms, found 2 plugins.
Preloading 0 native plugins for Editor in 0.00 ms.
Unloading 3073 Unused Serialized files (Serialized files now loaded: 0)
Unloading 22 unused Assets / (30.4 KB). Loaded Objects now: 3581.
Memory consumption went from 173.7 MB to 173.7 MB.
Total: 2.201000 ms (FindLiveObjects: 0.112541 ms CreateObjectMapping: 0.036209 ms MarkObjects: 2.009708 ms  DeleteObjects: 0.042167 ms)

Prepare: number of updated asset objects reloaded= 0
AssetImportParameters requested are different than current active one (requested -> active):
  custom:container-demuxer-ogg: 62fdf1f143b41e24485cea50d1cbac27 -> 
  custom:video-decoder-ogg-theora: a1e56fd34408186e4bbccfd4996cb3dc -> 
  custom:container-demuxer-webm: 4f35f7cbe854078d1ac9338744f61a02 -> 
  custom:container-muxer-webm: aa71ff27fc2769a1b78a27578f13a17b -> 
  custom:video-decoder-webm-vp8: 9c59270c3fd7afecdb556c50c9e8de78 -> 
  custom:AudioImporter_EditorPlatform: 3918e3fc78b5a79bad01e8451be0beb8 -> 
  custom:framework-osx-AVFoundation: e770b220cccbd017edd2c1fefb359320 -> 
  custom:video-encoder-webm-vp8: eb34c28f22e8b96e1ab97ce403110664 -> 
  custom:audio-decoder-ogg-vorbis: bf7c407c2cedff20999df2af8eb42d56 -> 
  custom:audio-encoder-webm-vorbis: bf7c407c2cedff20999df2af8eb42d56 -> 
